941  [main] INFO  io.javalin.Javalin - JAVALIN HANDLER REGISTRATION DEBUG LOG: POST[/login] 
943  [main] INFO  io.javalin.Javalin - JAVALIN HANDLER REGISTRATION DEBUG LOG: POST[/register] 
944  [main] INFO  io.javalin.Javalin - JAVALIN HANDLER REGISTRATION DEBUG LOG: POST[/logout] 
946  [main] INFO  io.javalin.Javalin - JAVALIN HANDLER REGISTRATION DEBUG LOG: BEFORE[/api/*] 
946  [main] INFO  io.javalin.Javalin - JAVALIN HANDLER REGISTRATION DEBUG LOG: GET[/api/planets] 
950  [main] INFO  io.javalin.Javalin - JAVALIN HANDLER REGISTRATION DEBUG LOG: GET[/api/planet/{name}] 
950  [main] INFO  io.javalin.Javalin - JAVALIN HANDLER REGISTRATION DEBUG LOG: GET[/api/planet/id/{id}] 
951  [main] INFO  io.javalin.Javalin - JAVALIN HANDLER REGISTRATION DEBUG LOG: GET[/api/planet/{id}/moons] 
952  [main] INFO  io.javalin.Javalin - JAVALIN HANDLER REGISTRATION DEBUG LOG: GET[/api/moons] 
953  [main] INFO  io.javalin.Javalin - JAVALIN HANDLER REGISTRATION DEBUG LOG: GET[/api/moon/{name}] 
954  [main] INFO  io.javalin.Javalin - JAVALIN HANDLER REGISTRATION DEBUG LOG: GET[/api/moon/id/{id}] 
954  [main] INFO  io.javalin.Javalin - JAVALIN HANDLER REGISTRATION DEBUG LOG: POST[/api/planet] 
955  [main] INFO  io.javalin.Javalin - JAVALIN HANDLER REGISTRATION DEBUG LOG: POST[/api/moon] 
956  [main] INFO  io.javalin.Javalin - JAVALIN HANDLER REGISTRATION DEBUG LOG: DELETE[/api/planet/{id}] 
957  [main] INFO  io.javalin.Javalin - JAVALIN HANDLER REGISTRATION DEBUG LOG: DELETE[/api/moon/{id}] 
959  [main] INFO  io.javalin.Javalin - Starting Javalin ... 
1048 [main] INFO  org.eclipse.jetty.server.Server - jetty-11.0.12; built: 2022-09-14T02:38:00.723Z; git: d5b8c29485f5f56a14be5f20c2ccce81b93c5555; jvm 11.0.17+8 
1173 [main] INFO  o.e.j.s.s.DefaultSessionIdManager - Session workerName=node0 
1187 [main] INFO  o.e.j.server.handler.ContextHandler - Started i.j.j.@1d131e1b{/,null,AVAILABLE} 
1291 [main] INFO  o.e.jetty.server.AbstractConnector - Started ServerConnector@3d246ea3{HTTP/1.1, (http/1.1)}{0.0.0.0:7000} 
1410 [main] INFO  org.eclipse.jetty.server.Server - Started Server@65b104b9{STARTING}[11.0.12,sto=0] @2193ms 
1411 [main] INFO  io.javalin.Javalin - 
       __                  ___          ______
      / /___ __   ______ _/ (_)___     / ____/
 __  / / __ `/ | / / __ `/ / / __ \   /___ \
/ /_/ / /_/ /| |/ / /_/ / / / / / /  ____/ /
\____/\__,_/ |___/\__,_/_/_/_/ /_/  /_____/

       https://javalin.io/documentation
 
1417 [main] INFO  io.javalin.Javalin - Listening on http://localhost:7000/ 
1486 [main] INFO  io.javalin.Javalin - You are running Javalin 5.1.3 (released October 30, 2022). 
1491 [main] INFO  io.javalin.Javalin - Javalin started in 529ms \o/ 
156827 [JettyServerThreadPool-17] INFO  io.javalin.Javalin - JAVALIN REQUEST DEBUG LOG:
Request: GET [/api/planets]
    Matching endpoint-handlers: [BEFORE=/api/*, GET=api/planets]
    Headers: {Accept=*/*, User-Agent=Thunder Client (https://www.thunderclient.com), Connection=close, Host=localhost:7000, Accept-Encoding=gzip, deflate, br}
    Cookies: {}
    Body: 
    QueryString: null
    QueryParams: {}
    FormParams: {}
Response: [401 Unauthorized], execution took 10.05 ms
    Headers: {Connection=close, Date=Wed, 21 Dec 2022 15:14:22 GMT, Content-Type=application/json}
    Body is 48 bytes (starts on next line):
    You must be logged in to complete this operation
---------------------------------------------------------------------------------- 
220992 [JettyServerThreadPool-17] INFO  io.javalin.Javalin - JAVALIN REQUEST DEBUG LOG:
Request: GET [/api/planets]
    Matching endpoint-handlers: [BEFORE=/api/*, GET=api/planets]
    Headers: {Accept=*/*, User-Agent=Thunder Client (https://www.thunderclient.com), Connection=close, Host=localhost:7000, Accept-Encoding=gzip, deflate, br}
    Cookies: {}
    Body: 
    QueryString: null
    QueryParams: {}
    FormParams: {}
Response: [401 Unauthorized], execution took 0.29 ms
    Headers: {Connection=close, Date=Wed, 21 Dec 2022 15:15:26 GMT, Content-Type=application/json}
    Body is 48 bytes (starts on next line):
    You must be logged in to complete this operation
---------------------------------------------------------------------------------- 
222042 [JettyServerThreadPool-15] INFO  io.javalin.Javalin - JAVALIN REQUEST DEBUG LOG:
Request: GET [/api/planets]
    Matching endpoint-handlers: [BEFORE=/api/*, GET=api/planets]
    Headers: {Accept=*/*, User-Agent=Thunder Client (https://www.thunderclient.com), Connection=close, Host=localhost:7000, Accept-Encoding=gzip, deflate, br}
    Cookies: {}
    Body: 
    QueryString: null
    QueryParams: {}
    FormParams: {}
Response: [401 Unauthorized], execution took 0.18 ms
    Headers: {Connection=close, Date=Wed, 21 Dec 2022 15:15:27 GMT, Content-Type=application/json}
    Body is 48 bytes (starts on next line):
    You must be logged in to complete this operation
---------------------------------------------------------------------------------- 
246897 [JettyServerThreadPool-18] INFO  com.revature.repository.UserDao - In getUserByUsername method 
247951 [JettyServerThreadPool-18] INFO  io.javalin.Javalin - JAVALIN REQUEST DEBUG LOG:
Request: POST [/login]
    Matching endpoint-handlers: [POST=/login]
    Headers: {Accept=*/*, User-Agent=Thunder Client (https://www.thunderclient.com), Connection=close, Host=localhost:7000, Accept-Encoding=gzip, deflate, br, Content-Length=48, Content-Type=application/json}
    Cookies: {}
    Body: {
  "username":"Colton",
  "password":"Notloc"
}
    QueryString: null
    QueryParams: {}
    FormParams: {}
Response: [200 OK], execution took 1308.10 ms
    Headers: {Connection=close, Set-Cookie=JSESSIONID=node0qyezmcv2m73je722yfkntx7r0.node0; Path=/; HttpOnly; SameSite=Lax, Expires=Thu, 01 Jan 1970 00:00:00 GMT, Date=Wed, 21 Dec 2022 15:15:52 GMT, Content-Type=text/plain}
    No body was set
---------------------------------------------------------------------------------- 
252249 [JettyServerThreadPool-20] INFO  com.revature.repository.PlanetDao - In getAllPlanets method 
252469 [JettyServerThreadPool-20] INFO  io.javalin.Javalin - JAVALIN REQUEST DEBUG LOG:
Request: GET [/api/planets]
    Matching endpoint-handlers: [BEFORE=/api/*, GET=api/planets]
    Headers: {Cookie=JSESSIONID=node0qyezmcv2m73je722yfkntx7r0.node0, Accept=*/*, User-Agent=Thunder Client (https://www.thunderclient.com), Connection=close, Host=localhost:7000, Accept-Encoding=gzip, deflate, br}
    Cookies: {JSESSIONID=node0qyezmcv2m73je722yfkntx7r0.node0}
    Body: 
    QueryString: null
    QueryParams: {}
    FormParams: {}
Response: [200 OK], execution took 218.90 ms
    Headers: {Connection=close, Date=Wed, 21 Dec 2022 15:15:57 GMT, Content-Type=application/json}
    Body is 115 bytes (starts on next line):
    [{"id":5,"name":"Earth","ownerId":1},{"id":1,"name":"Jupiter","ownerId":1},{"id":4,"name":"Sargula 8","ownerId":6}]
---------------------------------------------------------------------------------- 
282620 [JettyServerThreadPool-16] INFO  com.revature.repository.PlanetDao - In getPlanetById method 
282811 [JettyServerThreadPool-16] INFO  io.javalin.Javalin - JAVALIN REQUEST DEBUG LOG:
Request: GET [/api/planet/id/6]
    Matching endpoint-handlers: [BEFORE=/api/*, GET=api/planet/id/{id}]
    Headers: {Cookie=JSESSIONID=node0qyezmcv2m73je722yfkntx7r0.node0, Accept=*/*, User-Agent=Thunder Client (https://www.thunderclient.com), Connection=close, Host=localhost:7000, Accept-Encoding=gzip, deflate, br}
    Cookies: {JSESSIONID=node0qyezmcv2m73je722yfkntx7r0.node0}
    Body: 
    QueryString: null
    QueryParams: {}
    FormParams: {}
Response: [200 OK], execution took 192.90 ms
    Headers: {Connection=close, Date=Wed, 21 Dec 2022 15:16:28 GMT, Content-Type=application/json}
    Body is 32 bytes (starts on next line):
    {"id":0,"name":null,"ownerId":0}
---------------------------------------------------------------------------------- 
298242 [JettyServerThreadPool-18] INFO  com.revature.repository.PlanetDao - In getPlanetById method 
298368 [JettyServerThreadPool-18] INFO  io.javalin.Javalin - JAVALIN REQUEST DEBUG LOG:
Request: GET [/api/planet/id/5]
    Matching endpoint-handlers: [BEFORE=/api/*, GET=api/planet/id/{id}]
    Headers: {Cookie=JSESSIONID=node0qyezmcv2m73je722yfkntx7r0.node0, Accept=*/*, User-Agent=Thunder Client (https://www.thunderclient.com), Connection=close, Host=localhost:7000, Accept-Encoding=gzip, deflate, br}
    Cookies: {JSESSIONID=node0qyezmcv2m73je722yfkntx7r0.node0}
    Body: 
    QueryString: null
    QueryParams: {}
    FormParams: {}
Response: [200 OK], execution took 125.57 ms
    Headers: {Connection=close, Date=Wed, 21 Dec 2022 15:16:43 GMT, Content-Type=application/json}
    Body is 35 bytes (starts on next line):
    {"id":5,"name":"Earth","ownerId":1}
---------------------------------------------------------------------------------- 
387363 [JettyServerThreadPool-19] INFO  com.revature.repository.UserDao - In createUser method 
387530 [JettyServerThreadPool-19] INFO  io.javalin.Javalin - JAVALIN REQUEST DEBUG LOG:
Request: POST [/register]
    Matching endpoint-handlers: [POST=/register]
    Headers: {Cookie=JSESSIONID=node0qyezmcv2m73je722yfkntx7r0.node0, Accept=*/*, User-Agent=Thunder Client (https://www.thunderclient.com), Connection=close, Host=localhost:7000, Accept-Encoding=gzip, deflate, br, Content-Length=46, Content-Type=application/json}
    Cookies: {JSESSIONID=node0qyezmcv2m73je722yfkntx7r0.node0}
    Body: {
  "username":"Gabby",
  "password":"Ybbag"
}
    QueryString: null
    QueryParams: {}
    FormParams: {}
Response: [201 Created], execution took 166.29 ms
    Headers: {Connection=close, Date=Wed, 21 Dec 2022 15:18:12 GMT, Content-Type=application/json}
    Body is 46 bytes (starts on next line):
    {"id":7,"username":"Gabby","password":"Ybbag"}
---------------------------------------------------------------------------------- 
393783 [JettyServerThreadPool-16] INFO  io.javalin.Javalin - JAVALIN REQUEST DEBUG LOG:
Request: POST [/logout]
    Matching endpoint-handlers: [POST=/logout]
    Headers: {Cookie=JSESSIONID=node0qyezmcv2m73je722yfkntx7r0.node0, Accept=*/*, User-Agent=Thunder Client (https://www.thunderclient.com), Connection=close, Host=localhost:7000, Accept-Encoding=gzip, deflate, br, Content-Length=0}
    Cookies: {JSESSIONID=node0qyezmcv2m73je722yfkntx7r0.node0}
    Body: 
    QueryString: null
    QueryParams: {}
    FormParams: {}
Response: [200 OK], execution took 0.71 ms
    Headers: {Connection=close, Date=Wed, 21 Dec 2022 15:18:19 GMT, Content-Type=text/plain}
    No body was set
---------------------------------------------------------------------------------- 
414236 [JettyServerThreadPool-18] INFO  com.revature.repository.UserDao - In getUserByUsername method 
414356 [JettyServerThreadPool-18] INFO  io.javalin.Javalin - JAVALIN REQUEST DEBUG LOG:
Request: POST [/login]
    Matching endpoint-handlers: [POST=/login]
    Headers: {Cookie=JSESSIONID=node0qyezmcv2m73je722yfkntx7r0.node0, Accept=*/*, User-Agent=Thunder Client (https://www.thunderclient.com), Connection=close, Host=localhost:7000, Accept-Encoding=gzip, deflate, br, Content-Length=46, Content-Type=application/json}
    Cookies: {JSESSIONID=node0qyezmcv2m73je722yfkntx7r0.node0}
    Body: {
  "username":"Gabby",
  "password":"Ybbag"
}
    QueryString: null
    QueryParams: {}
    FormParams: {}
Response: [200 OK], execution took 120.92 ms
    Headers: {Connection=close, Set-Cookie=JSESSIONID=node01qre8vh0pyje71tb5ak68rzwn01.node0; Path=/; HttpOnly; SameSite=Lax, Expires=Thu, 01 Jan 1970 00:00:00 GMT, Date=Wed, 21 Dec 2022 15:18:39 GMT, Content-Type=text/plain}
    No body was set
---------------------------------------------------------------------------------- 
418998 [JettyServerThreadPool-15] INFO  com.revature.repository.PlanetDao - In createPlanet method 
419129 [JettyServerThreadPool-15] INFO  io.javalin.Javalin - JAVALIN REQUEST DEBUG LOG:
Request: POST [/api/planet]
    Matching endpoint-handlers: [BEFORE=/api/*, POST=api/planet]
    Headers: {Cookie=JSESSIONID=node01qre8vh0pyje71tb5ak68rzwn01.node0, Accept=*/*, User-Agent=Thunder Client (https://www.thunderclient.com), Connection=close, Host=localhost:7000, Accept-Encoding=gzip, deflate, br, Content-Length=47, Content-Type=application/json}
    Cookies: {JSESSIONID=node01qre8vh0pyje71tb5ak68rzwn01.node0}
    Body: {
  "id":0,
  "name":"Neptune",
  "ownerId":7
}
    QueryString: null
    QueryParams: {}
    FormParams: {}
Response: [201 Created], execution took 135.17 ms
    Headers: {Connection=close, Date=Wed, 21 Dec 2022 15:18:44 GMT, Content-Type=application/json}
    Body is 32 bytes (starts on next line):
    {"id":0,"name":null,"ownerId":0}
---------------------------------------------------------------------------------- 
430325 [JettyServerThreadPool-16] INFO  com.revature.repository.PlanetDao - In getAllPlanets method 
430436 [JettyServerThreadPool-16] INFO  io.javalin.Javalin - JAVALIN REQUEST DEBUG LOG:
Request: GET [/api/planets]
    Matching endpoint-handlers: [BEFORE=/api/*, GET=api/planets]
    Headers: {Cookie=JSESSIONID=node01qre8vh0pyje71tb5ak68rzwn01.node0, Accept=*/*, User-Agent=Thunder Client (https://www.thunderclient.com), Connection=close, Host=localhost:7000, Accept-Encoding=gzip, deflate, br}
    Cookies: {JSESSIONID=node01qre8vh0pyje71tb5ak68rzwn01.node0}
    Body: 
    QueryString: null
    QueryParams: {}
    FormParams: {}
Response: [200 OK], execution took 108.96 ms
    Headers: {Connection=close, Date=Wed, 21 Dec 2022 15:18:55 GMT, Content-Type=application/json}
    Body is 115 bytes (starts on next line):
    [{"id":5,"name":"Earth","ownerId":1},{"id":1,"name":"Jupiter","ownerId":1},{"id":4,"name":"Sargula 8","ownerId":6}]
---------------------------------------------------------------------------------- 
476505 [JettyServerThreadPool-18] INFO  com.revature.repository.PlanetDao - In createPlanet method 
476648 [JettyServerThreadPool-18] INFO  io.javalin.Javalin - JAVALIN REQUEST DEBUG LOG:
Request: POST [/api/planet]
    Matching endpoint-handlers: [BEFORE=/api/*, POST=api/planet]
    Headers: {Cookie=JSESSIONID=node01qre8vh0pyje71tb5ak68rzwn01.node0, Accept=*/*, User-Agent=Thunder Client (https://www.thunderclient.com), Connection=close, Host=localhost:7000, Accept-Encoding=gzip, deflate, br, Content-Length=47, Content-Type=application/json}
    Cookies: {JSESSIONID=node01qre8vh0pyje71tb5ak68rzwn01.node0}
    Body: {
  "id":0,
  "name":"Neptune",
  "ownerId":7
}
    QueryString: null
    QueryParams: {}
    FormParams: {}
Response: [201 Created], execution took 142.66 ms
    Headers: {Connection=close, Date=Wed, 21 Dec 2022 15:19:41 GMT, Content-Type=application/json}
    Body is 37 bytes (starts on next line):
    {"id":6,"name":"Neptune","ownerId":7}
---------------------------------------------------------------------------------- 
488971 [JettyServerThreadPool-15] INFO  com.revature.repository.PlanetDao - In getAllPlanets method 
489090 [JettyServerThreadPool-15] INFO  io.javalin.Javalin - JAVALIN REQUEST DEBUG LOG:
Request: GET [/api/planets]
    Matching endpoint-handlers: [BEFORE=/api/*, GET=api/planets]
    Headers: {Cookie=JSESSIONID=node01qre8vh0pyje71tb5ak68rzwn01.node0, Accept=*/*, User-Agent=Thunder Client (https://www.thunderclient.com), Connection=close, Host=localhost:7000, Accept-Encoding=gzip, deflate, br}
    Cookies: {JSESSIONID=node01qre8vh0pyje71tb5ak68rzwn01.node0}
    Body: 
    QueryString: null
    QueryParams: {}
    FormParams: {}
Response: [200 OK], execution took 118.15 ms
    Headers: {Connection=close, Date=Wed, 21 Dec 2022 15:19:54 GMT, Content-Type=application/json}
    Body is 153 bytes (starts on next line):
    [{"id":5,"name":"Earth","ownerId":1},{"id":1,"name":"Jupiter","ownerId":1},{"id":4,"name":"Sargula 8","ownerId":6},{"id":6,"name":"Neptune","ownerId":7}]
---------------------------------------------------------------------------------- 
498711 [JettyServerThreadPool-16] INFO  com.revature.repository.MoonDao - In createMoon method. 
498844 [JettyServerThreadPool-16] INFO  io.javalin.Javalin - JAVALIN REQUEST DEBUG LOG:
Request: POST [/api/moon]
    Matching endpoint-handlers: [BEFORE=/api/*, POST=api/moon]
    Headers: {Cookie=JSESSIONID=node01qre8vh0pyje71tb5ak68rzwn01.node0, Accept=*/*, User-Agent=Thunder Client (https://www.thunderclient.com), Connection=close, Host=localhost:7000, Accept-Encoding=gzip, deflate, br, Content-Length=57, Content-Type=application/json}
    Cookies: {JSESSIONID=node01qre8vh0pyje71tb5ak68rzwn01.node0}
    Body: {
  "id":0,
  "name":"Alpha Centauri",
  "myPlanetId":6
}
    QueryString: null
    QueryParams: {}
    FormParams: {}
Response: [201 Created], execution took 151.13 ms
    Headers: {Connection=close, Date=Wed, 21 Dec 2022 15:20:04 GMT, Content-Type=application/json}
    Body is 47 bytes (starts on next line):
    {"id":9,"name":"Alpha Centauri","myPlanetId":6}
---------------------------------------------------------------------------------- 
505634 [JettyServerThreadPool-18] INFO  com.revature.repository.MoonDao - In createMoon method. 
505758 [JettyServerThreadPool-18] INFO  io.javalin.Javalin - JAVALIN REQUEST DEBUG LOG:
Request: POST [/api/moon]
    Matching endpoint-handlers: [BEFORE=/api/*, POST=api/moon]
    Headers: {Cookie=JSESSIONID=node01qre8vh0pyje71tb5ak68rzwn01.node0, Accept=*/*, User-Agent=Thunder Client (https://www.thunderclient.com), Connection=close, Host=localhost:7000, Accept-Encoding=gzip, deflate, br, Content-Length=56, Content-Type=application/json}
    Cookies: {JSESSIONID=node01qre8vh0pyje71tb5ak68rzwn01.node0}
    Body: {
  "id":0,
  "name":"Beta Centauri",
  "myPlanetId":6
}
    QueryString: null
    QueryParams: {}
    FormParams: {}
Response: [201 Created], execution took 124.60 ms
    Headers: {Connection=close, Date=Wed, 21 Dec 2022 15:20:11 GMT, Content-Type=application/json}
    Body is 47 bytes (starts on next line):
    {"id":10,"name":"Beta Centauri","myPlanetId":6}
---------------------------------------------------------------------------------- 
511209 [JettyServerThreadPool-15] INFO  com.revature.repository.PlanetDao - In getPlanetByName method 
511377 [JettyServerThreadPool-15] INFO  io.javalin.Javalin - JAVALIN REQUEST DEBUG LOG:
Request: GET [/api/planet/Neptune]
    Matching endpoint-handlers: [BEFORE=/api/*, GET=api/planet/{name}]
    Headers: {Cookie=JSESSIONID=node01qre8vh0pyje71tb5ak68rzwn01.node0, Accept=*/*, User-Agent=Thunder Client (https://www.thunderclient.com), Connection=close, Host=localhost:7000, Accept-Encoding=gzip, deflate, br}
    Cookies: {JSESSIONID=node01qre8vh0pyje71tb5ak68rzwn01.node0}
    Body: 
    QueryString: null
    QueryParams: {}
    FormParams: {}
Response: [200 OK], execution took 168.95 ms
    Headers: {Connection=close, Date=Wed, 21 Dec 2022 15:20:16 GMT, Content-Type=application/json}
    Body is 37 bytes (starts on next line):
    {"id":6,"name":"Neptune","ownerId":7}
---------------------------------------------------------------------------------- 
521584 [JettyServerThreadPool-16] INFO  com.revature.repository.PlanetDao - In getPlanetById method 
521705 [JettyServerThreadPool-16] INFO  io.javalin.Javalin - JAVALIN REQUEST DEBUG LOG:
Request: GET [/api/planet/id/6]
    Matching endpoint-handlers: [BEFORE=/api/*, GET=api/planet/id/{id}]
    Headers: {Cookie=JSESSIONID=node01qre8vh0pyje71tb5ak68rzwn01.node0, Accept=*/*, User-Agent=Thunder Client (https://www.thunderclient.com), Connection=close, Host=localhost:7000, Accept-Encoding=gzip, deflate, br}
    Cookies: {JSESSIONID=node01qre8vh0pyje71tb5ak68rzwn01.node0}
    Body: 
    QueryString: null
    QueryParams: {}
    FormParams: {}
Response: [200 OK], execution took 120.64 ms
    Headers: {Connection=close, Date=Wed, 21 Dec 2022 15:20:26 GMT, Content-Type=application/json}
    Body is 37 bytes (starts on next line):
    {"id":6,"name":"Neptune","ownerId":7}
---------------------------------------------------------------------------------- 
525916 [JettyServerThreadPool-18] INFO  com.revature.repository.MoonDao - In getMoonsFromPlanet method. 
526046 [JettyServerThreadPool-18] INFO  io.javalin.Javalin - JAVALIN REQUEST DEBUG LOG:
Request: GET [/api/planet/4/moons]
    Matching endpoint-handlers: [BEFORE=/api/*, GET=api/planet/{id}/moons]
    Headers: {Cookie=JSESSIONID=node01qre8vh0pyje71tb5ak68rzwn01.node0, Accept=*/*, User-Agent=Thunder Client (https://www.thunderclient.com), Connection=close, Host=localhost:7000, Accept-Encoding=gzip, deflate, br}
    Cookies: {JSESSIONID=node01qre8vh0pyje71tb5ak68rzwn01.node0}
    Body: 
    QueryString: null
    QueryParams: {}
    FormParams: {}
Response: [200 OK], execution took 130.58 ms
    Headers: {Connection=close, Date=Wed, 21 Dec 2022 15:20:31 GMT, Content-Type=application/json}
    Body is 90 bytes (starts on next line):
    [{"id":7,"name":"Noctis IX","myPlanetId":4},{"id":8,"name":"Burtrux VIII","myPlanetId":4}]
---------------------------------------------------------------------------------- 
538462 [JettyServerThreadPool-15] INFO  com.revature.repository.MoonDao - In getMoonsFromPlanet method. 
538577 [JettyServerThreadPool-15] INFO  io.javalin.Javalin - JAVALIN REQUEST DEBUG LOG:
Request: GET [/api/planet/6/moons]
    Matching endpoint-handlers: [BEFORE=/api/*, GET=api/planet/{id}/moons]
    Headers: {Cookie=JSESSIONID=node01qre8vh0pyje71tb5ak68rzwn01.node0, Accept=*/*, User-Agent=Thunder Client (https://www.thunderclient.com), Connection=close, Host=localhost:7000, Accept-Encoding=gzip, deflate, br}
    Cookies: {JSESSIONID=node01qre8vh0pyje71tb5ak68rzwn01.node0}
    Body: 
    QueryString: null
    QueryParams: {}
    FormParams: {}
Response: [200 OK], execution took 115.18 ms
    Headers: {Connection=close, Date=Wed, 21 Dec 2022 15:20:43 GMT, Content-Type=application/json}
    Body is 97 bytes (starts on next line):
    [{"id":9,"name":"Alpha Centauri","myPlanetId":6},{"id":10,"name":"Beta Centauri","myPlanetId":6}]
---------------------------------------------------------------------------------- 
542439 [JettyServerThreadPool-16] INFO  com.revature.repository.MoonDao - In getAllMoons method 
542440 [JettyServerThreadPool-16] INFO  com.revature.repository.MoonDao - In getAllMoons method. 
542588 [JettyServerThreadPool-16] INFO  io.javalin.Javalin - JAVALIN REQUEST DEBUG LOG:
Request: GET [/api/moons]
    Matching endpoint-handlers: [BEFORE=/api/*, GET=api/moons]
    Headers: {Cookie=JSESSIONID=node01qre8vh0pyje71tb5ak68rzwn01.node0, Accept=*/*, User-Agent=Thunder Client (https://www.thunderclient.com), Connection=close, Host=localhost:7000, Accept-Encoding=gzip, deflate, br}
    Cookies: {JSESSIONID=node01qre8vh0pyje71tb5ak68rzwn01.node0}
    Body: 
    QueryString: null
    QueryParams: {}
    FormParams: {}
Response: [200 OK], execution took 149.59 ms
    Headers: {Connection=close, Date=Wed, 21 Dec 2022 15:20:47 GMT, Content-Type=application/json}
    Body is 278 bytes (starts on next line):
    [{"id":1,"name":"Exgraxxus 8","myPlanetId":1},{"id":3,"name":"Synco Paralax","myPlanetId":1},{"id":7,"name":"Noctis IX","myPlanetId":4},{"id":8,"name":"Burtrux VIII","myPlanetId":4},{"id":9,"name":"Alpha Centauri","myPlanetId":6},{"id":10,"name":"Beta Centauri","myPlanetId":6}]
---------------------------------------------------------------------------------- 
569597 [JettyServerThreadPool-18] INFO  com.revature.repository.MoonDao - In getMoonByName method. 
569716 [JettyServerThreadPool-18] INFO  io.javalin.Javalin - JAVALIN REQUEST DEBUG LOG:
Request: GET [/api/moon/Alpha%20Centauri]
    Matching endpoint-handlers: [BEFORE=/api/*, GET=api/moon/{name}]
    Headers: {Cookie=JSESSIONID=node01qre8vh0pyje71tb5ak68rzwn01.node0, Accept=*/*, User-Agent=Thunder Client (https://www.thunderclient.com), Connection=close, Host=localhost:7000, Accept-Encoding=gzip, deflate, br}
    Cookies: {JSESSIONID=node01qre8vh0pyje71tb5ak68rzwn01.node0}
    Body: 
    QueryString: null
    QueryParams: {}
    FormParams: {}
Response: [200 OK], execution took 119.22 ms
    Headers: {Connection=close, Date=Wed, 21 Dec 2022 15:21:15 GMT, Content-Type=application/json}
    Body is 47 bytes (starts on next line):
    {"id":9,"name":"Alpha Centauri","myPlanetId":6}
---------------------------------------------------------------------------------- 
578801 [JettyServerThreadPool-15] INFO  com.revature.repository.MoonDao - In getMoonById method. 
578940 [JettyServerThreadPool-15] INFO  io.javalin.Javalin - JAVALIN REQUEST DEBUG LOG:
Request: GET [/api/moon/id/9]
    Matching endpoint-handlers: [BEFORE=/api/*, GET=api/moon/id/{id}]
    Headers: {Cookie=JSESSIONID=node01qre8vh0pyje71tb5ak68rzwn01.node0, Accept=*/*, User-Agent=Thunder Client (https://www.thunderclient.com), Connection=close, Host=localhost:7000, Accept-Encoding=gzip, deflate, br}
    Cookies: {JSESSIONID=node01qre8vh0pyje71tb5ak68rzwn01.node0}
    Body: 
    QueryString: null
    QueryParams: {}
    FormParams: {}
Response: [200 OK], execution took 138.83 ms
    Headers: {Connection=close, Date=Wed, 21 Dec 2022 15:21:24 GMT, Content-Type=application/json}
    Body is 47 bytes (starts on next line):
    {"id":9,"name":"Alpha Centauri","myPlanetId":6}
---------------------------------------------------------------------------------- 
587870 [JettyServerThreadPool-16] INFO  com.revature.repository.MoonDao - In deleteMoonById method. 
587992 [JettyServerThreadPool-16] INFO  io.javalin.Javalin - JAVALIN REQUEST DEBUG LOG:
Request: DELETE [/api/moon/9]
    Matching endpoint-handlers: [BEFORE=/api/*, DELETE=api/moon/{id}]
    Headers: {Cookie=JSESSIONID=node01qre8vh0pyje71tb5ak68rzwn01.node0, Accept=*/*, User-Agent=Thunder Client (https://www.thunderclient.com), Connection=close, Host=localhost:7000, Accept-Encoding=gzip, deflate, br}
    Cookies: {JSESSIONID=node01qre8vh0pyje71tb5ak68rzwn01.node0}
    Body: 
    QueryString: null
    QueryParams: {}
    FormParams: {}
Response: [202 Accepted], execution took 122.68 ms
    Headers: {Connection=close, Date=Wed, 21 Dec 2022 15:21:33 GMT, Content-Type=application/json}
    Body is 25 bytes (starts on next line):
    Moon successfully deleted
---------------------------------------------------------------------------------- 
591981 [JettyServerThreadPool-18] INFO  com.revature.repository.MoonDao - In getAllMoons method 
591981 [JettyServerThreadPool-18] INFO  com.revature.repository.MoonDao - In getAllMoons method. 
592105 [JettyServerThreadPool-18] INFO  io.javalin.Javalin - JAVALIN REQUEST DEBUG LOG:
Request: GET [/api/moons]
    Matching endpoint-handlers: [BEFORE=/api/*, GET=api/moons]
    Headers: {Cookie=JSESSIONID=node01qre8vh0pyje71tb5ak68rzwn01.node0, Accept=*/*, User-Agent=Thunder Client (https://www.thunderclient.com), Connection=close, Host=localhost:7000, Accept-Encoding=gzip, deflate, br}
    Cookies: {JSESSIONID=node01qre8vh0pyje71tb5ak68rzwn01.node0}
    Body: 
    QueryString: null
    QueryParams: {}
    FormParams: {}
Response: [200 OK], execution took 123.17 ms
    Headers: {Connection=close, Date=Wed, 21 Dec 2022 15:21:37 GMT, Content-Type=application/json}
    Body is 230 bytes (starts on next line):
    [{"id":1,"name":"Exgraxxus 8","myPlanetId":1},{"id":3,"name":"Synco Paralax","myPlanetId":1},{"id":7,"name":"Noctis IX","myPlanetId":4},{"id":8,"name":"Burtrux VIII","myPlanetId":4},{"id":10,"name":"Beta Centauri","myPlanetId":6}]
---------------------------------------------------------------------------------- 
601656 [JettyServerThreadPool-15] INFO  com.revature.repository.PlanetDao - In deleteP{lanetById method 
601773 [JettyServerThreadPool-15] INFO  io.javalin.Javalin - JAVALIN REQUEST DEBUG LOG:
Request: DELETE [/api/planet/6]
    Matching endpoint-handlers: [BEFORE=/api/*, DELETE=api/planet/{id}]
    Headers: {Cookie=JSESSIONID=node01qre8vh0pyje71tb5ak68rzwn01.node0, Accept=*/*, User-Agent=Thunder Client (https://www.thunderclient.com), Connection=close, Host=localhost:7000, Accept-Encoding=gzip, deflate, br}
    Cookies: {JSESSIONID=node01qre8vh0pyje71tb5ak68rzwn01.node0}
    Body: 
    QueryString: null
    QueryParams: {}
    FormParams: {}
Response: [202 Accepted], execution took 116.90 ms
    Headers: {Connection=close, Date=Wed, 21 Dec 2022 15:21:47 GMT, Content-Type=application/json}
    Body is 27 bytes (starts on next line):
    Planet successfully deleted
---------------------------------------------------------------------------------- 
608890 [JettyServerThreadPool-16] INFO  com.revature.repository.MoonDao - In getAllMoons method 
608891 [JettyServerThreadPool-16] INFO  com.revature.repository.MoonDao - In getAllMoons method. 
609031 [JettyServerThreadPool-16] INFO  io.javalin.Javalin - JAVALIN REQUEST DEBUG LOG:
Request: GET [/api/moons]
    Matching endpoint-handlers: [BEFORE=/api/*, GET=api/moons]
    Headers: {Cookie=JSESSIONID=node01qre8vh0pyje71tb5ak68rzwn01.node0, Accept=*/*, User-Agent=Thunder Client (https://www.thunderclient.com), Connection=close, Host=localhost:7000, Accept-Encoding=gzip, deflate, br}
    Cookies: {JSESSIONID=node01qre8vh0pyje71tb5ak68rzwn01.node0}
    Body: 
    QueryString: null
    QueryParams: {}
    FormParams: {}
Response: [200 OK], execution took 140.72 ms
    Headers: {Connection=close, Date=Wed, 21 Dec 2022 15:21:54 GMT, Content-Type=application/json}
    Body is 182 bytes (starts on next line):
    [{"id":1,"name":"Exgraxxus 8","myPlanetId":1},{"id":3,"name":"Synco Paralax","myPlanetId":1},{"id":7,"name":"Noctis IX","myPlanetId":4},{"id":8,"name":"Burtrux VIII","myPlanetId":4}]
---------------------------------------------------------------------------------- 
613472 [JettyServerThreadPool-18] INFO  com.revature.repository.MoonDao - In getMoonsFromPlanet method. 
613591 [JettyServerThreadPool-18] INFO  io.javalin.Javalin - JAVALIN REQUEST DEBUG LOG:
Request: GET [/api/planet/4/moons]
    Matching endpoint-handlers: [BEFORE=/api/*, GET=api/planet/{id}/moons]
    Headers: {Cookie=JSESSIONID=node01qre8vh0pyje71tb5ak68rzwn01.node0, Accept=*/*, User-Agent=Thunder Client (https://www.thunderclient.com), Connection=close, Host=localhost:7000, Accept-Encoding=gzip, deflate, br}
    Cookies: {JSESSIONID=node01qre8vh0pyje71tb5ak68rzwn01.node0}
    Body: 
    QueryString: null
    QueryParams: {}
    FormParams: {}
Response: [200 OK], execution took 118.89 ms
    Headers: {Connection=close, Date=Wed, 21 Dec 2022 15:21:58 GMT, Content-Type=application/json}
    Body is 90 bytes (starts on next line):
    [{"id":7,"name":"Noctis IX","myPlanetId":4},{"id":8,"name":"Burtrux VIII","myPlanetId":4}]
---------------------------------------------------------------------------------- 
619190 [JettyServerThreadPool-15] INFO  io.javalin.Javalin - JAVALIN REQUEST DEBUG LOG:
Request: POST [/logout]
    Matching endpoint-handlers: [POST=/logout]
    Headers: {Cookie=JSESSIONID=node01qre8vh0pyje71tb5ak68rzwn01.node0, Accept=*/*, User-Agent=Thunder Client (https://www.thunderclient.com), Connection=close, Host=localhost:7000, Accept-Encoding=gzip, deflate, br, Content-Length=0}
    Cookies: {JSESSIONID=node01qre8vh0pyje71tb5ak68rzwn01.node0}
    Body: 
    QueryString: null
    QueryParams: {}
    FormParams: {}
Response: [200 OK], execution took 0.13 ms
    Headers: {Connection=close, Date=Wed, 21 Dec 2022 15:22:04 GMT, Content-Type=text/plain}
    No body was set
---------------------------------------------------------------------------------- 
2240713 [JettyServerThreadPool-20] INFO  com.revature.repository.UserDao - In createUser method 
2240907 [JettyServerThreadPool-20] INFO  io.javalin.Javalin - JAVALIN REQUEST DEBUG LOG:
Request: POST [/register]
    Matching endpoint-handlers: [POST=/register]
    Headers: {Cookie=JSESSIONID=node01qre8vh0pyje71tb5ak68rzwn01.node0, Accept=*/*, User-Agent=Thunder Client (https://www.thunderclient.com), Connection=close, Host=localhost:7000, Accept-Encoding=gzip, deflate, br, Content-Length=44, Content-Type=application/json}
    Cookies: {JSESSIONID=node01qre8vh0pyje71tb5ak68rzwn01.node0}
    Body: {
  "username":"Alex",
  "password":"Xela"
}
    QueryString: null
    QueryParams: {}
    FormParams: {}
Response: [201 Created], execution took 195.09 ms
    Headers: {Connection=close, Date=Wed, 21 Dec 2022 15:49:06 GMT, Content-Type=application/json}
    Body is 44 bytes (starts on next line):
    {"id":8,"username":"Alex","password":"Xela"}
---------------------------------------------------------------------------------- 
2240928 [JettyServerThreadPool-18] INFO  com.revature.repository.UserDao - In getUserByUsername method 
2241075 [JettyServerThreadPool-18] INFO  io.javalin.Javalin - JAVALIN REQUEST DEBUG LOG:
Request: POST [/login]
    Matching endpoint-handlers: [POST=/login]
    Headers: {Cookie=JSESSIONID=node01qre8vh0pyje71tb5ak68rzwn01.node0, Accept=*/*, User-Agent=Thunder Client (https://www.thunderclient.com), Connection=close, Host=localhost:7000, Accept-Encoding=gzip, deflate, br, Content-Length=44, Content-Type=application/json}
    Cookies: {JSESSIONID=node01qre8vh0pyje71tb5ak68rzwn01.node0}
    Body: {
  "username":"Alex",
  "password":"Xela"
}
    QueryString: null
    QueryParams: {}
    FormParams: {}
Response: [200 OK], execution took 147.27 ms
    Headers: {Connection=close, Set-Cookie=JSESSIONID=node01bkh67ffbcg2lu9wzmtl90oon2.node0; Path=/; HttpOnly; SameSite=Lax, Expires=Thu, 01 Jan 1970 00:00:00 GMT, Date=Wed, 21 Dec 2022 15:49:06 GMT, Content-Type=text/plain}
    No body was set
---------------------------------------------------------------------------------- 
2241096 [JettyServerThreadPool-15] INFO  com.revature.repository.PlanetDao - In createPlanet method 
2241241 [JettyServerThreadPool-15] INFO  io.javalin.Javalin - JAVALIN REQUEST DEBUG LOG:
Request: POST [/api/planet]
    Matching endpoint-handlers: [BEFORE=/api/*, POST=api/planet]
    Headers: {Cookie=JSESSIONID=node01bkh67ffbcg2lu9wzmtl90oon2.node0, Accept=*/*, User-Agent=Thunder Client (https://www.thunderclient.com), Connection=close, Host=localhost:7000, Accept-Encoding=gzip, deflate, br, Content-Length=47, Content-Type=application/json}
    Cookies: {JSESSIONID=node01bkh67ffbcg2lu9wzmtl90oon2.node0}
    Body: {
  "id":0,
  "name":"Neptune",
  "ownerId":8
}
    QueryString: null
    QueryParams: {}
    FormParams: {}
Response: [201 Created], execution took 144.27 ms
    Headers: {Connection=close, Date=Wed, 21 Dec 2022 15:49:06 GMT, Content-Type=application/json}
    Body is 37 bytes (starts on next line):
    {"id":7,"name":"Neptune","ownerId":8}
---------------------------------------------------------------------------------- 
2241266 [JettyServerThreadPool-19] INFO  com.revature.repository.MoonDao - In createMoon method. 
2241450 [JettyServerThreadPool-19] INFO  io.javalin.Javalin - JAVALIN REQUEST DEBUG LOG:
Request: POST [/api/moon]
    Matching endpoint-handlers: [BEFORE=/api/*, POST=api/moon]
    Headers: {Cookie=JSESSIONID=node01bkh67ffbcg2lu9wzmtl90oon2.node0, Accept=*/*, User-Agent=Thunder Client (https://www.thunderclient.com), Connection=close, Host=localhost:7000, Accept-Encoding=gzip, deflate, br, Content-Length=57, Content-Type=application/json}
    Cookies: {JSESSIONID=node01bkh67ffbcg2lu9wzmtl90oon2.node0}
    Body: {
  "id":0,
  "name":"Alpha Centauri",
  "myPlanetId":7
}
    QueryString: null
    QueryParams: {}
    FormParams: {}
Response: [201 Created], execution took 183.00 ms
    Headers: {Connection=close, Date=Wed, 21 Dec 2022 15:49:06 GMT, Content-Type=application/json}
    Body is 48 bytes (starts on next line):
    {"id":11,"name":"Alpha Centauri","myPlanetId":7}
---------------------------------------------------------------------------------- 
2241467 [JettyServerThreadPool-18] INFO  com.revature.repository.MoonDao - In createMoon method. 
2241617 [JettyServerThreadPool-18] INFO  io.javalin.Javalin - JAVALIN REQUEST DEBUG LOG:
Request: POST [/api/moon]
    Matching endpoint-handlers: [BEFORE=/api/*, POST=api/moon]
    Headers: {Cookie=JSESSIONID=node01bkh67ffbcg2lu9wzmtl90oon2.node0, Accept=*/*, User-Agent=Thunder Client (https://www.thunderclient.com), Connection=close, Host=localhost:7000, Accept-Encoding=gzip, deflate, br, Content-Length=56, Content-Type=application/json}
    Cookies: {JSESSIONID=node01bkh67ffbcg2lu9wzmtl90oon2.node0}
    Body: {
  "id":0,
  "name":"Beta Centauri",
  "myPlanetId":7
}
    QueryString: null
    QueryParams: {}
    FormParams: {}
Response: [201 Created], execution took 150.24 ms
    Headers: {Connection=close, Date=Wed, 21 Dec 2022 15:49:06 GMT, Content-Type=application/json}
    Body is 47 bytes (starts on next line):
    {"id":12,"name":"Beta Centauri","myPlanetId":7}
---------------------------------------------------------------------------------- 
2241638 [JettyServerThreadPool-15] INFO  com.revature.repository.PlanetDao - In getAllPlanets method 
2241780 [JettyServerThreadPool-15] INFO  io.javalin.Javalin - JAVALIN REQUEST DEBUG LOG:
Request: GET [/api/planets]
    Matching endpoint-handlers: [BEFORE=/api/*, GET=api/planets]
    Headers: {Cookie=JSESSIONID=node01bkh67ffbcg2lu9wzmtl90oon2.node0, Accept=*/*, User-Agent=Thunder Client (https://www.thunderclient.com), Connection=close, Host=localhost:7000, Accept-Encoding=gzip, deflate, br}
    Cookies: {JSESSIONID=node01bkh67ffbcg2lu9wzmtl90oon2.node0}
    Body: 
    QueryString: null
    QueryParams: {}
    FormParams: {}
Response: [200 OK], execution took 141.25 ms
    Headers: {Connection=close, Date=Wed, 21 Dec 2022 15:49:07 GMT, Content-Type=application/json}
    Body is 153 bytes (starts on next line):
    [{"id":5,"name":"Earth","ownerId":1},{"id":1,"name":"Jupiter","ownerId":1},{"id":4,"name":"Sargula 8","ownerId":6},{"id":7,"name":"Neptune","ownerId":8}]
---------------------------------------------------------------------------------- 
2241793 [JettyServerThreadPool-19] INFO  com.revature.repository.PlanetDao - In getPlanetByName method 
2241932 [JettyServerThreadPool-19] INFO  io.javalin.Javalin - JAVALIN REQUEST DEBUG LOG:
Request: GET [/api/planet/Neptune]
    Matching endpoint-handlers: [BEFORE=/api/*, GET=api/planet/{name}]
    Headers: {Cookie=JSESSIONID=node01bkh67ffbcg2lu9wzmtl90oon2.node0, Accept=*/*, User-Agent=Thunder Client (https://www.thunderclient.com), Connection=close, Host=localhost:7000, Accept-Encoding=gzip, deflate, br}
    Cookies: {JSESSIONID=node01bkh67ffbcg2lu9wzmtl90oon2.node0}
    Body: 
    QueryString: null
    QueryParams: {}
    FormParams: {}
Response: [200 OK], execution took 138.31 ms
    Headers: {Connection=close, Date=Wed, 21 Dec 2022 15:49:07 GMT, Content-Type=application/json}
    Body is 37 bytes (starts on next line):
    {"id":7,"name":"Neptune","ownerId":8}
---------------------------------------------------------------------------------- 
2241950 [JettyServerThreadPool-18] INFO  com.revature.repository.PlanetDao - In getPlanetById method 
2242093 [JettyServerThreadPool-18] INFO  io.javalin.Javalin - JAVALIN REQUEST DEBUG LOG:
Request: GET [/api/planet/id/7]
    Matching endpoint-handlers: [BEFORE=/api/*, GET=api/planet/id/{id}]
    Headers: {Cookie=JSESSIONID=node01bkh67ffbcg2lu9wzmtl90oon2.node0, Accept=*/*, User-Agent=Thunder Client (https://www.thunderclient.com), Connection=close, Host=localhost:7000, Accept-Encoding=gzip, deflate, br}
    Cookies: {JSESSIONID=node01bkh67ffbcg2lu9wzmtl90oon2.node0}
    Body: 
    QueryString: null
    QueryParams: {}
    FormParams: {}
Response: [200 OK], execution took 142.75 ms
    Headers: {Connection=close, Date=Wed, 21 Dec 2022 15:49:07 GMT, Content-Type=application/json}
    Body is 37 bytes (starts on next line):
    {"id":7,"name":"Neptune","ownerId":8}
---------------------------------------------------------------------------------- 
2242116 [JettyServerThreadPool-15] INFO  com.revature.repository.MoonDao - In getMoonsFromPlanet method. 
2242254 [JettyServerThreadPool-15] INFO  io.javalin.Javalin - JAVALIN REQUEST DEBUG LOG:
Request: GET [/api/planet/7/moons]
    Matching endpoint-handlers: [BEFORE=/api/*, GET=api/planet/{id}/moons]
    Headers: {Cookie=JSESSIONID=node01bkh67ffbcg2lu9wzmtl90oon2.node0, Accept=*/*, User-Agent=Thunder Client (https://www.thunderclient.com), Connection=close, Host=localhost:7000, Accept-Encoding=gzip, deflate, br}
    Cookies: {JSESSIONID=node01bkh67ffbcg2lu9wzmtl90oon2.node0}
    Body: 
    QueryString: null
    QueryParams: {}
    FormParams: {}
Response: [200 OK], execution took 136.46 ms
    Headers: {Connection=close, Date=Wed, 21 Dec 2022 15:49:07 GMT, Content-Type=application/json}
    Body is 98 bytes (starts on next line):
    [{"id":11,"name":"Alpha Centauri","myPlanetId":7},{"id":12,"name":"Beta Centauri","myPlanetId":7}]
---------------------------------------------------------------------------------- 
2242272 [JettyServerThreadPool-19] INFO  com.revature.repository.MoonDao - In getAllMoons method 
2242272 [JettyServerThreadPool-19] INFO  com.revature.repository.MoonDao - In getAllMoons method. 
2242420 [JettyServerThreadPool-19] INFO  io.javalin.Javalin - JAVALIN REQUEST DEBUG LOG:
Request: GET [/api/moons]
    Matching endpoint-handlers: [BEFORE=/api/*, GET=api/moons]
    Headers: {Cookie=JSESSIONID=node01bkh67ffbcg2lu9wzmtl90oon2.node0, Accept=*/*, User-Agent=Thunder Client (https://www.thunderclient.com), Connection=close, Host=localhost:7000, Accept-Encoding=gzip, deflate, br}
    Cookies: {JSESSIONID=node01bkh67ffbcg2lu9wzmtl90oon2.node0}
    Body: 
    QueryString: null
    QueryParams: {}
    FormParams: {}
Response: [200 OK], execution took 148.82 ms
    Headers: {Connection=close, Date=Wed, 21 Dec 2022 15:49:07 GMT, Content-Type=application/json}
    Body is 279 bytes (starts on next line):
    [{"id":1,"name":"Exgraxxus 8","myPlanetId":1},{"id":3,"name":"Synco Paralax","myPlanetId":1},{"id":7,"name":"Noctis IX","myPlanetId":4},{"id":8,"name":"Burtrux VIII","myPlanetId":4},{"id":11,"name":"Alpha Centauri","myPlanetId":7},{"id":12,"name":"Beta Centauri","myPlanetId":7}]
---------------------------------------------------------------------------------- 
2242441 [JettyServerThreadPool-18] INFO  com.revature.repository.MoonDao - In getMoonByName method. 
2242582 [JettyServerThreadPool-18] INFO  io.javalin.Javalin - JAVALIN REQUEST DEBUG LOG:
Request: GET [/api/moon/Alpha%20Centauri]
    Matching endpoint-handlers: [BEFORE=/api/*, GET=api/moon/{name}]
    Headers: {Cookie=JSESSIONID=node01bkh67ffbcg2lu9wzmtl90oon2.node0, Accept=*/*, User-Agent=Thunder Client (https://www.thunderclient.com), Connection=close, Host=localhost:7000, Accept-Encoding=gzip, deflate, br}
    Cookies: {JSESSIONID=node01bkh67ffbcg2lu9wzmtl90oon2.node0}
    Body: 
    QueryString: null
    QueryParams: {}
    FormParams: {}
Response: [200 OK], execution took 140.86 ms
    Headers: {Connection=close, Date=Wed, 21 Dec 2022 15:49:07 GMT, Content-Type=application/json}
    Body is 48 bytes (starts on next line):
    {"id":11,"name":"Alpha Centauri","myPlanetId":7}
---------------------------------------------------------------------------------- 
2242608 [JettyServerThreadPool-15] INFO  com.revature.repository.MoonDao - In getMoonById method. 
2242756 [JettyServerThreadPool-15] INFO  io.javalin.Javalin - JAVALIN REQUEST DEBUG LOG:
Request: GET [/api/moon/id/11]
    Matching endpoint-handlers: [BEFORE=/api/*, GET=api/moon/id/{id}]
    Headers: {Cookie=JSESSIONID=node01bkh67ffbcg2lu9wzmtl90oon2.node0, Accept=*/*, User-Agent=Thunder Client (https://www.thunderclient.com), Connection=close, Host=localhost:7000, Accept-Encoding=gzip, deflate, br}
    Cookies: {JSESSIONID=node01bkh67ffbcg2lu9wzmtl90oon2.node0}
    Body: 
    QueryString: null
    QueryParams: {}
    FormParams: {}
Response: [200 OK], execution took 147.98 ms
    Headers: {Connection=close, Date=Wed, 21 Dec 2022 15:49:08 GMT, Content-Type=application/json}
    Body is 48 bytes (starts on next line):
    {"id":11,"name":"Alpha Centauri","myPlanetId":7}
---------------------------------------------------------------------------------- 
2242777 [JettyServerThreadPool-19] INFO  com.revature.repository.MoonDao - In deleteMoonById method. 
2242937 [JettyServerThreadPool-19] INFO  io.javalin.Javalin - JAVALIN REQUEST DEBUG LOG:
Request: DELETE [/api/moon/11]
    Matching endpoint-handlers: [BEFORE=/api/*, DELETE=api/moon/{id}]
    Headers: {Cookie=JSESSIONID=node01bkh67ffbcg2lu9wzmtl90oon2.node0, Accept=*/*, User-Agent=Thunder Client (https://www.thunderclient.com), Connection=close, Host=localhost:7000, Accept-Encoding=gzip, deflate, br}
    Cookies: {JSESSIONID=node01bkh67ffbcg2lu9wzmtl90oon2.node0}
    Body: 
    QueryString: null
    QueryParams: {}
    FormParams: {}
Response: [202 Accepted], execution took 159.26 ms
    Headers: {Connection=close, Date=Wed, 21 Dec 2022 15:49:08 GMT, Content-Type=application/json}
    Body is 25 bytes (starts on next line):
    Moon successfully deleted
---------------------------------------------------------------------------------- 
2242950 [JettyServerThreadPool-18] INFO  com.revature.repository.MoonDao - In getAllMoons method 
2242950 [JettyServerThreadPool-18] INFO  com.revature.repository.MoonDao - In getAllMoons method. 
2243083 [JettyServerThreadPool-18] INFO  io.javalin.Javalin - JAVALIN REQUEST DEBUG LOG:
Request: GET [/api/moons]
    Matching endpoint-handlers: [BEFORE=/api/*, GET=api/moons]
    Headers: {Cookie=JSESSIONID=node01bkh67ffbcg2lu9wzmtl90oon2.node0, Accept=*/*, User-Agent=Thunder Client (https://www.thunderclient.com), Connection=close, Host=localhost:7000, Accept-Encoding=gzip, deflate, br}
    Cookies: {JSESSIONID=node01bkh67ffbcg2lu9wzmtl90oon2.node0}
    Body: 
    QueryString: null
    QueryParams: {}
    FormParams: {}
Response: [200 OK], execution took 132.64 ms
    Headers: {Connection=close, Date=Wed, 21 Dec 2022 15:49:08 GMT, Content-Type=application/json}
    Body is 230 bytes (starts on next line):
    [{"id":1,"name":"Exgraxxus 8","myPlanetId":1},{"id":3,"name":"Synco Paralax","myPlanetId":1},{"id":7,"name":"Noctis IX","myPlanetId":4},{"id":8,"name":"Burtrux VIII","myPlanetId":4},{"id":12,"name":"Beta Centauri","myPlanetId":7}]
---------------------------------------------------------------------------------- 
2243106 [JettyServerThreadPool-15] INFO  com.revature.repository.PlanetDao - In deleteP{lanetById method 
2243241 [JettyServerThreadPool-15] INFO  io.javalin.Javalin - JAVALIN REQUEST DEBUG LOG:
Request: DELETE [/api/planet/7]
    Matching endpoint-handlers: [BEFORE=/api/*, DELETE=api/planet/{id}]
    Headers: {Cookie=JSESSIONID=node01bkh67ffbcg2lu9wzmtl90oon2.node0, Accept=*/*, User-Agent=Thunder Client (https://www.thunderclient.com), Connection=close, Host=localhost:7000, Accept-Encoding=gzip, deflate, br}
    Cookies: {JSESSIONID=node01bkh67ffbcg2lu9wzmtl90oon2.node0}
    Body: 
    QueryString: null
    QueryParams: {}
    FormParams: {}
Response: [202 Accepted], execution took 134.72 ms
    Headers: {Connection=close, Date=Wed, 21 Dec 2022 15:49:08 GMT, Content-Type=application/json}
    Body is 27 bytes (starts on next line):
    Planet successfully deleted
---------------------------------------------------------------------------------- 
2243260 [JettyServerThreadPool-19] INFO  com.revature.repository.MoonDao - In getAllMoons method 
2243263 [JettyServerThreadPool-19] INFO  com.revature.repository.MoonDao - In getAllMoons method. 
2243402 [JettyServerThreadPool-19] INFO  io.javalin.Javalin - JAVALIN REQUEST DEBUG LOG:
Request: GET [/api/moons]
    Matching endpoint-handlers: [BEFORE=/api/*, GET=api/moons]
    Headers: {Cookie=JSESSIONID=node01bkh67ffbcg2lu9wzmtl90oon2.node0, Accept=*/*, User-Agent=Thunder Client (https://www.thunderclient.com), Connection=close, Host=localhost:7000, Accept-Encoding=gzip, deflate, br}
    Cookies: {JSESSIONID=node01bkh67ffbcg2lu9wzmtl90oon2.node0}
    Body: 
    QueryString: null
    QueryParams: {}
    FormParams: {}
Response: [200 OK], execution took 142.63 ms
    Headers: {Connection=close, Date=Wed, 21 Dec 2022 15:49:08 GMT, Content-Type=application/json}
    Body is 182 bytes (starts on next line):
    [{"id":1,"name":"Exgraxxus 8","myPlanetId":1},{"id":3,"name":"Synco Paralax","myPlanetId":1},{"id":7,"name":"Noctis IX","myPlanetId":4},{"id":8,"name":"Burtrux VIII","myPlanetId":4}]
---------------------------------------------------------------------------------- 
2243413 [JettyServerThreadPool-18] INFO  io.javalin.Javalin - JAVALIN REQUEST DEBUG LOG:
Request: POST [/logout]
    Matching endpoint-handlers: [POST=/logout]
    Headers: {Cookie=JSESSIONID=node01bkh67ffbcg2lu9wzmtl90oon2.node0, Accept=*/*, User-Agent=Thunder Client (https://www.thunderclient.com), Connection=close, Host=localhost:7000, Accept-Encoding=gzip, deflate, br, Content-Length=0}
    Cookies: {JSESSIONID=node01bkh67ffbcg2lu9wzmtl90oon2.node0}
    Body: 
    QueryString: null
    QueryParams: {}
    FormParams: {}
Response: [200 OK], execution took 0.13 ms
    Headers: {Connection=close, Date=Wed, 21 Dec 2022 15:49:08 GMT, Content-Type=text/plain}
    No body was set
---------------------------------------------------------------------------------- 
