07:11:46.345 [main] INFO  io.javalin.Javalin - JAVALIN HANDLER REGISTRATION DEBUG LOG: POST[/login]
07:11:46.347 [main] INFO  io.javalin.Javalin - JAVALIN HANDLER REGISTRATION DEBUG LOG: POST[/register]
07:11:46.348 [main] INFO  io.javalin.Javalin - JAVALIN HANDLER REGISTRATION DEBUG LOG: POST[/logout]
07:11:46.350 [main] INFO  io.javalin.Javalin - JAVALIN HANDLER REGISTRATION DEBUG LOG: BEFORE[/api/*]
07:11:46.350 [main] INFO  io.javalin.Javalin - JAVALIN HANDLER REGISTRATION DEBUG LOG: GET[/api/planets]
07:11:46.354 [main] INFO  io.javalin.Javalin - JAVALIN HANDLER REGISTRATION DEBUG LOG: GET[/api/planet/{name}]
07:11:46.354 [main] INFO  io.javalin.Javalin - JAVALIN HANDLER REGISTRATION DEBUG LOG: GET[/api/planet/id/{id}]
07:11:46.355 [main] INFO  io.javalin.Javalin - JAVALIN HANDLER REGISTRATION DEBUG LOG: GET[/api/planet/{id}/moons]
07:11:46.356 [main] INFO  io.javalin.Javalin - JAVALIN HANDLER REGISTRATION DEBUG LOG: GET[/api/moons]
07:11:46.357 [main] INFO  io.javalin.Javalin - JAVALIN HANDLER REGISTRATION DEBUG LOG: GET[/api/moon/{name}]
07:11:46.358 [main] INFO  io.javalin.Javalin - JAVALIN HANDLER REGISTRATION DEBUG LOG: GET[/api/moon/id/{id}]
07:11:46.358 [main] INFO  io.javalin.Javalin - JAVALIN HANDLER REGISTRATION DEBUG LOG: POST[/api/planet]
07:11:46.359 [main] INFO  io.javalin.Javalin - JAVALIN HANDLER REGISTRATION DEBUG LOG: POST[/api/moon]
07:11:46.360 [main] INFO  io.javalin.Javalin - JAVALIN HANDLER REGISTRATION DEBUG LOG: DELETE[/api/planet/{id}]
07:11:46.361 [main] INFO  io.javalin.Javalin - JAVALIN HANDLER REGISTRATION DEBUG LOG: DELETE[/api/moon/{id}]
07:11:46.363 [main] INFO  io.javalin.Javalin - Starting Javalin ...
07:11:46.452 [main] INFO  org.eclipse.jetty.server.Server - jetty-11.0.12; built: 2022-09-14T02:38:00.723Z; git: d5b8c29485f5f56a14be5f20c2ccce81b93c5555; jvm 11.0.17+8
07:11:46.577 [main] INFO  o.e.j.s.s.DefaultSessionIdManager - Session workerName=node0
07:11:46.591 [main] INFO  o.e.j.server.handler.ContextHandler - Started i.j.j.@1d131e1b{/,null,AVAILABLE}
07:11:46.695 [main] INFO  o.e.jetty.server.AbstractConnector - Started ServerConnector@3d246ea3{HTTP/1.1, (http/1.1)}{0.0.0.0:7000}
07:11:46.814 [main] INFO  org.eclipse.jetty.server.Server - Started Server@65b104b9{STARTING}[11.0.12,sto=0] @2193ms
07:11:46.815 [main] INFO  io.javalin.Javalin - 
       __                  ___          ______
      / /___ __   ______ _/ (_)___     / ____/
 __  / / __ `/ | / / __ `/ / / __ \   /___ \
/ /_/ / /_/ /| |/ / /_/ / / / / / /  ____/ /
\____/\__,_/ |___/\__,_/_/_/_/ /_/  /_____/

       https://javalin.io/documentation

07:11:46.821 [main] INFO  io.javalin.Javalin - Listening on http://localhost:7000/
07:11:46.890 [main] INFO  io.javalin.Javalin - You are running Javalin 5.1.3 (released October 30, 2022).
07:11:46.895 [main] INFO  io.javalin.Javalin - Javalin started in 529ms \o/
07:14:22.231 [JettyServerThreadPool-17] INFO  io.javalin.Javalin - JAVALIN REQUEST DEBUG LOG:
Request: GET [/api/planets]
    Matching endpoint-handlers: [BEFORE=/api/*, GET=api/planets]
    Headers: {Accept=*/*, User-Agent=Thunder Client (https://www.thunderclient.com), Connection=close, Host=localhost:7000, Accept-Encoding=gzip, deflate, br}
    Cookies: {}
    Body: 
    QueryString: null
    QueryParams: {}
    FormParams: {}
Response: [401 Unauthorized], execution took 10.05 ms
    Headers: {Connection=close, Date=Wed, 21 Dec 2022 15:14:22 GMT, Content-Type=application/json}
    Body is 48 bytes (starts on next line):
    You must be logged in to complete this operation
----------------------------------------------------------------------------------
07:15:26.396 [JettyServerThreadPool-17] INFO  io.javalin.Javalin - JAVALIN REQUEST DEBUG LOG:
Request: GET [/api/planets]
    Matching endpoint-handlers: [BEFORE=/api/*, GET=api/planets]
    Headers: {Accept=*/*, User-Agent=Thunder Client (https://www.thunderclient.com), Connection=close, Host=localhost:7000, Accept-Encoding=gzip, deflate, br}
    Cookies: {}
    Body: 
    QueryString: null
    QueryParams: {}
    FormParams: {}
Response: [401 Unauthorized], execution took 0.29 ms
    Headers: {Connection=close, Date=Wed, 21 Dec 2022 15:15:26 GMT, Content-Type=application/json}
    Body is 48 bytes (starts on next line):
    You must be logged in to complete this operation
----------------------------------------------------------------------------------
07:15:27.446 [JettyServerThreadPool-15] INFO  io.javalin.Javalin - JAVALIN REQUEST DEBUG LOG:
Request: GET [/api/planets]
    Matching endpoint-handlers: [BEFORE=/api/*, GET=api/planets]
    Headers: {Accept=*/*, User-Agent=Thunder Client (https://www.thunderclient.com), Connection=close, Host=localhost:7000, Accept-Encoding=gzip, deflate, br}
    Cookies: {}
    Body: 
    QueryString: null
    QueryParams: {}
    FormParams: {}
Response: [401 Unauthorized], execution took 0.18 ms
    Headers: {Connection=close, Date=Wed, 21 Dec 2022 15:15:27 GMT, Content-Type=application/json}
    Body is 48 bytes (starts on next line):
    You must be logged in to complete this operation
----------------------------------------------------------------------------------
07:15:52.301 [JettyServerThreadPool-18] INFO  com.revature.repository.UserDao - In getUserByUsername method
07:15:53.355 [JettyServerThreadPool-18] INFO  io.javalin.Javalin - JAVALIN REQUEST DEBUG LOG:
Request: POST [/login]
    Matching endpoint-handlers: [POST=/login]
    Headers: {Accept=*/*, User-Agent=Thunder Client (https://www.thunderclient.com), Connection=close, Host=localhost:7000, Accept-Encoding=gzip, deflate, br, Content-Length=48, Content-Type=application/json}
    Cookies: {}
    Body: {
  "username":"Colton",
  "password":"Notloc"
}
    QueryString: null
    QueryParams: {}
    FormParams: {}
Response: [200 OK], execution took 1308.10 ms
    Headers: {Connection=close, Set-Cookie=JSESSIONID=node0qyezmcv2m73je722yfkntx7r0.node0; Path=/; HttpOnly; SameSite=Lax, Expires=Thu, 01 Jan 1970 00:00:00 GMT, Date=Wed, 21 Dec 2022 15:15:52 GMT, Content-Type=text/plain}
    No body was set
----------------------------------------------------------------------------------
07:15:57.653 [JettyServerThreadPool-20] INFO  com.revature.repository.PlanetDao - In getAllPlanets method
07:15:57.873 [JettyServerThreadPool-20] INFO  io.javalin.Javalin - JAVALIN REQUEST DEBUG LOG:
Request: GET [/api/planets]
    Matching endpoint-handlers: [BEFORE=/api/*, GET=api/planets]
    Headers: {Cookie=JSESSIONID=node0qyezmcv2m73je722yfkntx7r0.node0, Accept=*/*, User-Agent=Thunder Client (https://www.thunderclient.com), Connection=close, Host=localhost:7000, Accept-Encoding=gzip, deflate, br}
    Cookies: {JSESSIONID=node0qyezmcv2m73je722yfkntx7r0.node0}
    Body: 
    QueryString: null
    QueryParams: {}
    FormParams: {}
Response: [200 OK], execution took 218.90 ms
    Headers: {Connection=close, Date=Wed, 21 Dec 2022 15:15:57 GMT, Content-Type=application/json}
    Body is 115 bytes (starts on next line):
    [{"id":5,"name":"Earth","ownerId":1},{"id":1,"name":"Jupiter","ownerId":1},{"id":4,"name":"Sargula 8","ownerId":6}]
----------------------------------------------------------------------------------
07:16:28.024 [JettyServerThreadPool-16] INFO  com.revature.repository.PlanetDao - In getPlanetById method
07:16:28.215 [JettyServerThreadPool-16] INFO  io.javalin.Javalin - JAVALIN REQUEST DEBUG LOG:
Request: GET [/api/planet/id/6]
    Matching endpoint-handlers: [BEFORE=/api/*, GET=api/planet/id/{id}]
    Headers: {Cookie=JSESSIONID=node0qyezmcv2m73je722yfkntx7r0.node0, Accept=*/*, User-Agent=Thunder Client (https://www.thunderclient.com), Connection=close, Host=localhost:7000, Accept-Encoding=gzip, deflate, br}
    Cookies: {JSESSIONID=node0qyezmcv2m73je722yfkntx7r0.node0}
    Body: 
    QueryString: null
    QueryParams: {}
    FormParams: {}
Response: [200 OK], execution took 192.90 ms
    Headers: {Connection=close, Date=Wed, 21 Dec 2022 15:16:28 GMT, Content-Type=application/json}
    Body is 32 bytes (starts on next line):
    {"id":0,"name":null,"ownerId":0}
----------------------------------------------------------------------------------
07:16:43.646 [JettyServerThreadPool-18] INFO  com.revature.repository.PlanetDao - In getPlanetById method
07:16:43.772 [JettyServerThreadPool-18] INFO  io.javalin.Javalin - JAVALIN REQUEST DEBUG LOG:
Request: GET [/api/planet/id/5]
    Matching endpoint-handlers: [BEFORE=/api/*, GET=api/planet/id/{id}]
    Headers: {Cookie=JSESSIONID=node0qyezmcv2m73je722yfkntx7r0.node0, Accept=*/*, User-Agent=Thunder Client (https://www.thunderclient.com), Connection=close, Host=localhost:7000, Accept-Encoding=gzip, deflate, br}
    Cookies: {JSESSIONID=node0qyezmcv2m73je722yfkntx7r0.node0}
    Body: 
    QueryString: null
    QueryParams: {}
    FormParams: {}
Response: [200 OK], execution took 125.57 ms
    Headers: {Connection=close, Date=Wed, 21 Dec 2022 15:16:43 GMT, Content-Type=application/json}
    Body is 35 bytes (starts on next line):
    {"id":5,"name":"Earth","ownerId":1}
----------------------------------------------------------------------------------
07:18:12.767 [JettyServerThreadPool-19] INFO  com.revature.repository.UserDao - In createUser method
07:18:12.934 [JettyServerThreadPool-19] INFO  io.javalin.Javalin - JAVALIN REQUEST DEBUG LOG:
Request: POST [/register]
    Matching endpoint-handlers: [POST=/register]
    Headers: {Cookie=JSESSIONID=node0qyezmcv2m73je722yfkntx7r0.node0, Accept=*/*, User-Agent=Thunder Client (https://www.thunderclient.com), Connection=close, Host=localhost:7000, Accept-Encoding=gzip, deflate, br, Content-Length=46, Content-Type=application/json}
    Cookies: {JSESSIONID=node0qyezmcv2m73je722yfkntx7r0.node0}
    Body: {
  "username":"Gabby",
  "password":"Ybbag"
}
    QueryString: null
    QueryParams: {}
    FormParams: {}
Response: [201 Created], execution took 166.29 ms
    Headers: {Connection=close, Date=Wed, 21 Dec 2022 15:18:12 GMT, Content-Type=application/json}
    Body is 46 bytes (starts on next line):
    {"id":7,"username":"Gabby","password":"Ybbag"}
----------------------------------------------------------------------------------
07:18:19.187 [JettyServerThreadPool-16] INFO  io.javalin.Javalin - JAVALIN REQUEST DEBUG LOG:
Request: POST [/logout]
    Matching endpoint-handlers: [POST=/logout]
    Headers: {Cookie=JSESSIONID=node0qyezmcv2m73je722yfkntx7r0.node0, Accept=*/*, User-Agent=Thunder Client (https://www.thunderclient.com), Connection=close, Host=localhost:7000, Accept-Encoding=gzip, deflate, br, Content-Length=0}
    Cookies: {JSESSIONID=node0qyezmcv2m73je722yfkntx7r0.node0}
    Body: 
    QueryString: null
    QueryParams: {}
    FormParams: {}
Response: [200 OK], execution took 0.71 ms
    Headers: {Connection=close, Date=Wed, 21 Dec 2022 15:18:19 GMT, Content-Type=text/plain}
    No body was set
----------------------------------------------------------------------------------
07:18:39.640 [JettyServerThreadPool-18] INFO  com.revature.repository.UserDao - In getUserByUsername method
07:18:39.760 [JettyServerThreadPool-18] INFO  io.javalin.Javalin - JAVALIN REQUEST DEBUG LOG:
Request: POST [/login]
    Matching endpoint-handlers: [POST=/login]
    Headers: {Cookie=JSESSIONID=node0qyezmcv2m73je722yfkntx7r0.node0, Accept=*/*, User-Agent=Thunder Client (https://www.thunderclient.com), Connection=close, Host=localhost:7000, Accept-Encoding=gzip, deflate, br, Content-Length=46, Content-Type=application/json}
    Cookies: {JSESSIONID=node0qyezmcv2m73je722yfkntx7r0.node0}
    Body: {
  "username":"Gabby",
  "password":"Ybbag"
}
    QueryString: null
    QueryParams: {}
    FormParams: {}
Response: [200 OK], execution took 120.92 ms
    Headers: {Connection=close, Set-Cookie=JSESSIONID=node01qre8vh0pyje71tb5ak68rzwn01.node0; Path=/; HttpOnly; SameSite=Lax, Expires=Thu, 01 Jan 1970 00:00:00 GMT, Date=Wed, 21 Dec 2022 15:18:39 GMT, Content-Type=text/plain}
    No body was set
----------------------------------------------------------------------------------
07:18:44.402 [JettyServerThreadPool-15] INFO  com.revature.repository.PlanetDao - In createPlanet method
07:18:44.533 [JettyServerThreadPool-15] INFO  io.javalin.Javalin - JAVALIN REQUEST DEBUG LOG:
Request: POST [/api/planet]
    Matching endpoint-handlers: [BEFORE=/api/*, POST=api/planet]
    Headers: {Cookie=JSESSIONID=node01qre8vh0pyje71tb5ak68rzwn01.node0, Accept=*/*, User-Agent=Thunder Client (https://www.thunderclient.com), Connection=close, Host=localhost:7000, Accept-Encoding=gzip, deflate, br, Content-Length=47, Content-Type=application/json}
    Cookies: {JSESSIONID=node01qre8vh0pyje71tb5ak68rzwn01.node0}
    Body: {
  "id":0,
  "name":"Neptune",
  "ownerId":7
}
    QueryString: null
    QueryParams: {}
    FormParams: {}
Response: [201 Created], execution took 135.17 ms
    Headers: {Connection=close, Date=Wed, 21 Dec 2022 15:18:44 GMT, Content-Type=application/json}
    Body is 32 bytes (starts on next line):
    {"id":0,"name":null,"ownerId":0}
----------------------------------------------------------------------------------
07:18:55.729 [JettyServerThreadPool-16] INFO  com.revature.repository.PlanetDao - In getAllPlanets method
07:18:55.840 [JettyServerThreadPool-16] INFO  io.javalin.Javalin - JAVALIN REQUEST DEBUG LOG:
Request: GET [/api/planets]
    Matching endpoint-handlers: [BEFORE=/api/*, GET=api/planets]
    Headers: {Cookie=JSESSIONID=node01qre8vh0pyje71tb5ak68rzwn01.node0, Accept=*/*, User-Agent=Thunder Client (https://www.thunderclient.com), Connection=close, Host=localhost:7000, Accept-Encoding=gzip, deflate, br}
    Cookies: {JSESSIONID=node01qre8vh0pyje71tb5ak68rzwn01.node0}
    Body: 
    QueryString: null
    QueryParams: {}
    FormParams: {}
Response: [200 OK], execution took 108.96 ms
    Headers: {Connection=close, Date=Wed, 21 Dec 2022 15:18:55 GMT, Content-Type=application/json}
    Body is 115 bytes (starts on next line):
    [{"id":5,"name":"Earth","ownerId":1},{"id":1,"name":"Jupiter","ownerId":1},{"id":4,"name":"Sargula 8","ownerId":6}]
----------------------------------------------------------------------------------
07:19:41.909 [JettyServerThreadPool-18] INFO  com.revature.repository.PlanetDao - In createPlanet method
07:19:42.052 [JettyServerThreadPool-18] INFO  io.javalin.Javalin - JAVALIN REQUEST DEBUG LOG:
Request: POST [/api/planet]
    Matching endpoint-handlers: [BEFORE=/api/*, POST=api/planet]
    Headers: {Cookie=JSESSIONID=node01qre8vh0pyje71tb5ak68rzwn01.node0, Accept=*/*, User-Agent=Thunder Client (https://www.thunderclient.com), Connection=close, Host=localhost:7000, Accept-Encoding=gzip, deflate, br, Content-Length=47, Content-Type=application/json}
    Cookies: {JSESSIONID=node01qre8vh0pyje71tb5ak68rzwn01.node0}
    Body: {
  "id":0,
  "name":"Neptune",
  "ownerId":7
}
    QueryString: null
    QueryParams: {}
    FormParams: {}
Response: [201 Created], execution took 142.66 ms
    Headers: {Connection=close, Date=Wed, 21 Dec 2022 15:19:41 GMT, Content-Type=application/json}
    Body is 37 bytes (starts on next line):
    {"id":6,"name":"Neptune","ownerId":7}
----------------------------------------------------------------------------------
07:19:54.375 [JettyServerThreadPool-15] INFO  com.revature.repository.PlanetDao - In getAllPlanets method
07:19:54.494 [JettyServerThreadPool-15] INFO  io.javalin.Javalin - JAVALIN REQUEST DEBUG LOG:
Request: GET [/api/planets]
    Matching endpoint-handlers: [BEFORE=/api/*, GET=api/planets]
    Headers: {Cookie=JSESSIONID=node01qre8vh0pyje71tb5ak68rzwn01.node0, Accept=*/*, User-Agent=Thunder Client (https://www.thunderclient.com), Connection=close, Host=localhost:7000, Accept-Encoding=gzip, deflate, br}
    Cookies: {JSESSIONID=node01qre8vh0pyje71tb5ak68rzwn01.node0}
    Body: 
    QueryString: null
    QueryParams: {}
    FormParams: {}
Response: [200 OK], execution took 118.15 ms
    Headers: {Connection=close, Date=Wed, 21 Dec 2022 15:19:54 GMT, Content-Type=application/json}
    Body is 153 bytes (starts on next line):
    [{"id":5,"name":"Earth","ownerId":1},{"id":1,"name":"Jupiter","ownerId":1},{"id":4,"name":"Sargula 8","ownerId":6},{"id":6,"name":"Neptune","ownerId":7}]
----------------------------------------------------------------------------------
07:20:04.115 [JettyServerThreadPool-16] INFO  com.revature.repository.MoonDao - In createMoon method.
07:20:04.248 [JettyServerThreadPool-16] INFO  io.javalin.Javalin - JAVALIN REQUEST DEBUG LOG:
Request: POST [/api/moon]
    Matching endpoint-handlers: [BEFORE=/api/*, POST=api/moon]
    Headers: {Cookie=JSESSIONID=node01qre8vh0pyje71tb5ak68rzwn01.node0, Accept=*/*, User-Agent=Thunder Client (https://www.thunderclient.com), Connection=close, Host=localhost:7000, Accept-Encoding=gzip, deflate, br, Content-Length=57, Content-Type=application/json}
    Cookies: {JSESSIONID=node01qre8vh0pyje71tb5ak68rzwn01.node0}
    Body: {
  "id":0,
  "name":"Alpha Centauri",
  "myPlanetId":6
}
    QueryString: null
    QueryParams: {}
    FormParams: {}
Response: [201 Created], execution took 151.13 ms
    Headers: {Connection=close, Date=Wed, 21 Dec 2022 15:20:04 GMT, Content-Type=application/json}
    Body is 47 bytes (starts on next line):
    {"id":9,"name":"Alpha Centauri","myPlanetId":6}
----------------------------------------------------------------------------------
07:20:11.038 [JettyServerThreadPool-18] INFO  com.revature.repository.MoonDao - In createMoon method.
07:20:11.162 [JettyServerThreadPool-18] INFO  io.javalin.Javalin - JAVALIN REQUEST DEBUG LOG:
Request: POST [/api/moon]
    Matching endpoint-handlers: [BEFORE=/api/*, POST=api/moon]
    Headers: {Cookie=JSESSIONID=node01qre8vh0pyje71tb5ak68rzwn01.node0, Accept=*/*, User-Agent=Thunder Client (https://www.thunderclient.com), Connection=close, Host=localhost:7000, Accept-Encoding=gzip, deflate, br, Content-Length=56, Content-Type=application/json}
    Cookies: {JSESSIONID=node01qre8vh0pyje71tb5ak68rzwn01.node0}
    Body: {
  "id":0,
  "name":"Beta Centauri",
  "myPlanetId":6
}
    QueryString: null
    QueryParams: {}
    FormParams: {}
Response: [201 Created], execution took 124.60 ms
    Headers: {Connection=close, Date=Wed, 21 Dec 2022 15:20:11 GMT, Content-Type=application/json}
    Body is 47 bytes (starts on next line):
    {"id":10,"name":"Beta Centauri","myPlanetId":6}
----------------------------------------------------------------------------------
07:20:16.613 [JettyServerThreadPool-15] INFO  com.revature.repository.PlanetDao - In getPlanetByName method
07:20:16.781 [JettyServerThreadPool-15] INFO  io.javalin.Javalin - JAVALIN REQUEST DEBUG LOG:
Request: GET [/api/planet/Neptune]
    Matching endpoint-handlers: [BEFORE=/api/*, GET=api/planet/{name}]
    Headers: {Cookie=JSESSIONID=node01qre8vh0pyje71tb5ak68rzwn01.node0, Accept=*/*, User-Agent=Thunder Client (https://www.thunderclient.com), Connection=close, Host=localhost:7000, Accept-Encoding=gzip, deflate, br}
    Cookies: {JSESSIONID=node01qre8vh0pyje71tb5ak68rzwn01.node0}
    Body: 
    QueryString: null
    QueryParams: {}
    FormParams: {}
Response: [200 OK], execution took 168.95 ms
    Headers: {Connection=close, Date=Wed, 21 Dec 2022 15:20:16 GMT, Content-Type=application/json}
    Body is 37 bytes (starts on next line):
    {"id":6,"name":"Neptune","ownerId":7}
----------------------------------------------------------------------------------
07:20:26.988 [JettyServerThreadPool-16] INFO  com.revature.repository.PlanetDao - In getPlanetById method
07:20:27.109 [JettyServerThreadPool-16] INFO  io.javalin.Javalin - JAVALIN REQUEST DEBUG LOG:
Request: GET [/api/planet/id/6]
    Matching endpoint-handlers: [BEFORE=/api/*, GET=api/planet/id/{id}]
    Headers: {Cookie=JSESSIONID=node01qre8vh0pyje71tb5ak68rzwn01.node0, Accept=*/*, User-Agent=Thunder Client (https://www.thunderclient.com), Connection=close, Host=localhost:7000, Accept-Encoding=gzip, deflate, br}
    Cookies: {JSESSIONID=node01qre8vh0pyje71tb5ak68rzwn01.node0}
    Body: 
    QueryString: null
    QueryParams: {}
    FormParams: {}
Response: [200 OK], execution took 120.64 ms
    Headers: {Connection=close, Date=Wed, 21 Dec 2022 15:20:26 GMT, Content-Type=application/json}
    Body is 37 bytes (starts on next line):
    {"id":6,"name":"Neptune","ownerId":7}
----------------------------------------------------------------------------------
07:20:31.320 [JettyServerThreadPool-18] INFO  com.revature.repository.MoonDao - In getMoonsFromPlanet method.
07:20:31.450 [JettyServerThreadPool-18] INFO  io.javalin.Javalin - JAVALIN REQUEST DEBUG LOG:
Request: GET [/api/planet/4/moons]
    Matching endpoint-handlers: [BEFORE=/api/*, GET=api/planet/{id}/moons]
    Headers: {Cookie=JSESSIONID=node01qre8vh0pyje71tb5ak68rzwn01.node0, Accept=*/*, User-Agent=Thunder Client (https://www.thunderclient.com), Connection=close, Host=localhost:7000, Accept-Encoding=gzip, deflate, br}
    Cookies: {JSESSIONID=node01qre8vh0pyje71tb5ak68rzwn01.node0}
    Body: 
    QueryString: null
    QueryParams: {}
    FormParams: {}
Response: [200 OK], execution took 130.58 ms
    Headers: {Connection=close, Date=Wed, 21 Dec 2022 15:20:31 GMT, Content-Type=application/json}
    Body is 90 bytes (starts on next line):
    [{"id":7,"name":"Noctis IX","myPlanetId":4},{"id":8,"name":"Burtrux VIII","myPlanetId":4}]
----------------------------------------------------------------------------------
07:20:43.866 [JettyServerThreadPool-15] INFO  com.revature.repository.MoonDao - In getMoonsFromPlanet method.
07:20:43.981 [JettyServerThreadPool-15] INFO  io.javalin.Javalin - JAVALIN REQUEST DEBUG LOG:
Request: GET [/api/planet/6/moons]
    Matching endpoint-handlers: [BEFORE=/api/*, GET=api/planet/{id}/moons]
    Headers: {Cookie=JSESSIONID=node01qre8vh0pyje71tb5ak68rzwn01.node0, Accept=*/*, User-Agent=Thunder Client (https://www.thunderclient.com), Connection=close, Host=localhost:7000, Accept-Encoding=gzip, deflate, br}
    Cookies: {JSESSIONID=node01qre8vh0pyje71tb5ak68rzwn01.node0}
    Body: 
    QueryString: null
    QueryParams: {}
    FormParams: {}
Response: [200 OK], execution took 115.18 ms
    Headers: {Connection=close, Date=Wed, 21 Dec 2022 15:20:43 GMT, Content-Type=application/json}
    Body is 97 bytes (starts on next line):
    [{"id":9,"name":"Alpha Centauri","myPlanetId":6},{"id":10,"name":"Beta Centauri","myPlanetId":6}]
----------------------------------------------------------------------------------
07:20:47.843 [JettyServerThreadPool-16] INFO  com.revature.repository.MoonDao - In getAllMoons method
07:20:47.844 [JettyServerThreadPool-16] INFO  com.revature.repository.MoonDao - In getAllMoons method.
07:20:47.992 [JettyServerThreadPool-16] INFO  io.javalin.Javalin - JAVALIN REQUEST DEBUG LOG:
Request: GET [/api/moons]
    Matching endpoint-handlers: [BEFORE=/api/*, GET=api/moons]
    Headers: {Cookie=JSESSIONID=node01qre8vh0pyje71tb5ak68rzwn01.node0, Accept=*/*, User-Agent=Thunder Client (https://www.thunderclient.com), Connection=close, Host=localhost:7000, Accept-Encoding=gzip, deflate, br}
    Cookies: {JSESSIONID=node01qre8vh0pyje71tb5ak68rzwn01.node0}
    Body: 
    QueryString: null
    QueryParams: {}
    FormParams: {}
Response: [200 OK], execution took 149.59 ms
    Headers: {Connection=close, Date=Wed, 21 Dec 2022 15:20:47 GMT, Content-Type=application/json}
    Body is 278 bytes (starts on next line):
    [{"id":1,"name":"Exgraxxus 8","myPlanetId":1},{"id":3,"name":"Synco Paralax","myPlanetId":1},{"id":7,"name":"Noctis IX","myPlanetId":4},{"id":8,"name":"Burtrux VIII","myPlanetId":4},{"id":9,"name":"Alpha Centauri","myPlanetId":6},{"id":10,"name":"Beta Centauri","myPlanetId":6}]
----------------------------------------------------------------------------------
07:21:15.001 [JettyServerThreadPool-18] INFO  com.revature.repository.MoonDao - In getMoonByName method.
07:21:15.120 [JettyServerThreadPool-18] INFO  io.javalin.Javalin - JAVALIN REQUEST DEBUG LOG:
Request: GET [/api/moon/Alpha%20Centauri]
    Matching endpoint-handlers: [BEFORE=/api/*, GET=api/moon/{name}]
    Headers: {Cookie=JSESSIONID=node01qre8vh0pyje71tb5ak68rzwn01.node0, Accept=*/*, User-Agent=Thunder Client (https://www.thunderclient.com), Connection=close, Host=localhost:7000, Accept-Encoding=gzip, deflate, br}
    Cookies: {JSESSIONID=node01qre8vh0pyje71tb5ak68rzwn01.node0}
    Body: 
    QueryString: null
    QueryParams: {}
    FormParams: {}
Response: [200 OK], execution took 119.22 ms
    Headers: {Connection=close, Date=Wed, 21 Dec 2022 15:21:15 GMT, Content-Type=application/json}
    Body is 47 bytes (starts on next line):
    {"id":9,"name":"Alpha Centauri","myPlanetId":6}
----------------------------------------------------------------------------------
07:21:24.205 [JettyServerThreadPool-15] INFO  com.revature.repository.MoonDao - In getMoonById method.
07:21:24.344 [JettyServerThreadPool-15] INFO  io.javalin.Javalin - JAVALIN REQUEST DEBUG LOG:
Request: GET [/api/moon/id/9]
    Matching endpoint-handlers: [BEFORE=/api/*, GET=api/moon/id/{id}]
    Headers: {Cookie=JSESSIONID=node01qre8vh0pyje71tb5ak68rzwn01.node0, Accept=*/*, User-Agent=Thunder Client (https://www.thunderclient.com), Connection=close, Host=localhost:7000, Accept-Encoding=gzip, deflate, br}
    Cookies: {JSESSIONID=node01qre8vh0pyje71tb5ak68rzwn01.node0}
    Body: 
    QueryString: null
    QueryParams: {}
    FormParams: {}
Response: [200 OK], execution took 138.83 ms
    Headers: {Connection=close, Date=Wed, 21 Dec 2022 15:21:24 GMT, Content-Type=application/json}
    Body is 47 bytes (starts on next line):
    {"id":9,"name":"Alpha Centauri","myPlanetId":6}
----------------------------------------------------------------------------------
07:21:33.274 [JettyServerThreadPool-16] INFO  com.revature.repository.MoonDao - In deleteMoonById method.
07:21:33.396 [JettyServerThreadPool-16] INFO  io.javalin.Javalin - JAVALIN REQUEST DEBUG LOG:
Request: DELETE [/api/moon/9]
    Matching endpoint-handlers: [BEFORE=/api/*, DELETE=api/moon/{id}]
    Headers: {Cookie=JSESSIONID=node01qre8vh0pyje71tb5ak68rzwn01.node0, Accept=*/*, User-Agent=Thunder Client (https://www.thunderclient.com), Connection=close, Host=localhost:7000, Accept-Encoding=gzip, deflate, br}
    Cookies: {JSESSIONID=node01qre8vh0pyje71tb5ak68rzwn01.node0}
    Body: 
    QueryString: null
    QueryParams: {}
    FormParams: {}
Response: [202 Accepted], execution took 122.68 ms
    Headers: {Connection=close, Date=Wed, 21 Dec 2022 15:21:33 GMT, Content-Type=application/json}
    Body is 25 bytes (starts on next line):
    Moon successfully deleted
----------------------------------------------------------------------------------
07:21:37.385 [JettyServerThreadPool-18] INFO  com.revature.repository.MoonDao - In getAllMoons method
07:21:37.385 [JettyServerThreadPool-18] INFO  com.revature.repository.MoonDao - In getAllMoons method.
07:21:37.509 [JettyServerThreadPool-18] INFO  io.javalin.Javalin - JAVALIN REQUEST DEBUG LOG:
Request: GET [/api/moons]
    Matching endpoint-handlers: [BEFORE=/api/*, GET=api/moons]
    Headers: {Cookie=JSESSIONID=node01qre8vh0pyje71tb5ak68rzwn01.node0, Accept=*/*, User-Agent=Thunder Client (https://www.thunderclient.com), Connection=close, Host=localhost:7000, Accept-Encoding=gzip, deflate, br}
    Cookies: {JSESSIONID=node01qre8vh0pyje71tb5ak68rzwn01.node0}
    Body: 
    QueryString: null
    QueryParams: {}
    FormParams: {}
Response: [200 OK], execution took 123.17 ms
    Headers: {Connection=close, Date=Wed, 21 Dec 2022 15:21:37 GMT, Content-Type=application/json}
    Body is 230 bytes (starts on next line):
    [{"id":1,"name":"Exgraxxus 8","myPlanetId":1},{"id":3,"name":"Synco Paralax","myPlanetId":1},{"id":7,"name":"Noctis IX","myPlanetId":4},{"id":8,"name":"Burtrux VIII","myPlanetId":4},{"id":10,"name":"Beta Centauri","myPlanetId":6}]
----------------------------------------------------------------------------------
07:21:47.060 [JettyServerThreadPool-15] INFO  com.revature.repository.PlanetDao - In deleteP{lanetById method
07:21:47.177 [JettyServerThreadPool-15] INFO  io.javalin.Javalin - JAVALIN REQUEST DEBUG LOG:
Request: DELETE [/api/planet/6]
    Matching endpoint-handlers: [BEFORE=/api/*, DELETE=api/planet/{id}]
    Headers: {Cookie=JSESSIONID=node01qre8vh0pyje71tb5ak68rzwn01.node0, Accept=*/*, User-Agent=Thunder Client (https://www.thunderclient.com), Connection=close, Host=localhost:7000, Accept-Encoding=gzip, deflate, br}
    Cookies: {JSESSIONID=node01qre8vh0pyje71tb5ak68rzwn01.node0}
    Body: 
    QueryString: null
    QueryParams: {}
    FormParams: {}
Response: [202 Accepted], execution took 116.90 ms
    Headers: {Connection=close, Date=Wed, 21 Dec 2022 15:21:47 GMT, Content-Type=application/json}
    Body is 27 bytes (starts on next line):
    Planet successfully deleted
----------------------------------------------------------------------------------
07:21:54.294 [JettyServerThreadPool-16] INFO  com.revature.repository.MoonDao - In getAllMoons method
07:21:54.295 [JettyServerThreadPool-16] INFO  com.revature.repository.MoonDao - In getAllMoons method.
07:21:54.435 [JettyServerThreadPool-16] INFO  io.javalin.Javalin - JAVALIN REQUEST DEBUG LOG:
Request: GET [/api/moons]
    Matching endpoint-handlers: [BEFORE=/api/*, GET=api/moons]
    Headers: {Cookie=JSESSIONID=node01qre8vh0pyje71tb5ak68rzwn01.node0, Accept=*/*, User-Agent=Thunder Client (https://www.thunderclient.com), Connection=close, Host=localhost:7000, Accept-Encoding=gzip, deflate, br}
    Cookies: {JSESSIONID=node01qre8vh0pyje71tb5ak68rzwn01.node0}
    Body: 
    QueryString: null
    QueryParams: {}
    FormParams: {}
Response: [200 OK], execution took 140.72 ms
    Headers: {Connection=close, Date=Wed, 21 Dec 2022 15:21:54 GMT, Content-Type=application/json}
    Body is 182 bytes (starts on next line):
    [{"id":1,"name":"Exgraxxus 8","myPlanetId":1},{"id":3,"name":"Synco Paralax","myPlanetId":1},{"id":7,"name":"Noctis IX","myPlanetId":4},{"id":8,"name":"Burtrux VIII","myPlanetId":4}]
----------------------------------------------------------------------------------
07:21:58.876 [JettyServerThreadPool-18] INFO  com.revature.repository.MoonDao - In getMoonsFromPlanet method.
07:21:58.995 [JettyServerThreadPool-18] INFO  io.javalin.Javalin - JAVALIN REQUEST DEBUG LOG:
Request: GET [/api/planet/4/moons]
    Matching endpoint-handlers: [BEFORE=/api/*, GET=api/planet/{id}/moons]
    Headers: {Cookie=JSESSIONID=node01qre8vh0pyje71tb5ak68rzwn01.node0, Accept=*/*, User-Agent=Thunder Client (https://www.thunderclient.com), Connection=close, Host=localhost:7000, Accept-Encoding=gzip, deflate, br}
    Cookies: {JSESSIONID=node01qre8vh0pyje71tb5ak68rzwn01.node0}
    Body: 
    QueryString: null
    QueryParams: {}
    FormParams: {}
Response: [200 OK], execution took 118.89 ms
    Headers: {Connection=close, Date=Wed, 21 Dec 2022 15:21:58 GMT, Content-Type=application/json}
    Body is 90 bytes (starts on next line):
    [{"id":7,"name":"Noctis IX","myPlanetId":4},{"id":8,"name":"Burtrux VIII","myPlanetId":4}]
----------------------------------------------------------------------------------
07:22:04.594 [JettyServerThreadPool-15] INFO  io.javalin.Javalin - JAVALIN REQUEST DEBUG LOG:
Request: POST [/logout]
    Matching endpoint-handlers: [POST=/logout]
    Headers: {Cookie=JSESSIONID=node01qre8vh0pyje71tb5ak68rzwn01.node0, Accept=*/*, User-Agent=Thunder Client (https://www.thunderclient.com), Connection=close, Host=localhost:7000, Accept-Encoding=gzip, deflate, br, Content-Length=0}
    Cookies: {JSESSIONID=node01qre8vh0pyje71tb5ak68rzwn01.node0}
    Body: 
    QueryString: null
    QueryParams: {}
    FormParams: {}
Response: [200 OK], execution took 0.13 ms
    Headers: {Connection=close, Date=Wed, 21 Dec 2022 15:22:04 GMT, Content-Type=text/plain}
    No body was set
----------------------------------------------------------------------------------
07:49:06.117 [JettyServerThreadPool-20] INFO  com.revature.repository.UserDao - In createUser method
07:49:06.311 [JettyServerThreadPool-20] INFO  io.javalin.Javalin - JAVALIN REQUEST DEBUG LOG:
Request: POST [/register]
    Matching endpoint-handlers: [POST=/register]
    Headers: {Cookie=JSESSIONID=node01qre8vh0pyje71tb5ak68rzwn01.node0, Accept=*/*, User-Agent=Thunder Client (https://www.thunderclient.com), Connection=close, Host=localhost:7000, Accept-Encoding=gzip, deflate, br, Content-Length=44, Content-Type=application/json}
    Cookies: {JSESSIONID=node01qre8vh0pyje71tb5ak68rzwn01.node0}
    Body: {
  "username":"Alex",
  "password":"Xela"
}
    QueryString: null
    QueryParams: {}
    FormParams: {}
Response: [201 Created], execution took 195.09 ms
    Headers: {Connection=close, Date=Wed, 21 Dec 2022 15:49:06 GMT, Content-Type=application/json}
    Body is 44 bytes (starts on next line):
    {"id":8,"username":"Alex","password":"Xela"}
----------------------------------------------------------------------------------
07:49:06.332 [JettyServerThreadPool-18] INFO  com.revature.repository.UserDao - In getUserByUsername method
07:49:06.479 [JettyServerThreadPool-18] INFO  io.javalin.Javalin - JAVALIN REQUEST DEBUG LOG:
Request: POST [/login]
    Matching endpoint-handlers: [POST=/login]
    Headers: {Cookie=JSESSIONID=node01qre8vh0pyje71tb5ak68rzwn01.node0, Accept=*/*, User-Agent=Thunder Client (https://www.thunderclient.com), Connection=close, Host=localhost:7000, Accept-Encoding=gzip, deflate, br, Content-Length=44, Content-Type=application/json}
    Cookies: {JSESSIONID=node01qre8vh0pyje71tb5ak68rzwn01.node0}
    Body: {
  "username":"Alex",
  "password":"Xela"
}
    QueryString: null
    QueryParams: {}
    FormParams: {}
Response: [200 OK], execution took 147.27 ms
    Headers: {Connection=close, Set-Cookie=JSESSIONID=node01bkh67ffbcg2lu9wzmtl90oon2.node0; Path=/; HttpOnly; SameSite=Lax, Expires=Thu, 01 Jan 1970 00:00:00 GMT, Date=Wed, 21 Dec 2022 15:49:06 GMT, Content-Type=text/plain}
    No body was set
----------------------------------------------------------------------------------
07:49:06.500 [JettyServerThreadPool-15] INFO  com.revature.repository.PlanetDao - In createPlanet method
07:49:06.645 [JettyServerThreadPool-15] INFO  io.javalin.Javalin - JAVALIN REQUEST DEBUG LOG:
Request: POST [/api/planet]
    Matching endpoint-handlers: [BEFORE=/api/*, POST=api/planet]
    Headers: {Cookie=JSESSIONID=node01bkh67ffbcg2lu9wzmtl90oon2.node0, Accept=*/*, User-Agent=Thunder Client (https://www.thunderclient.com), Connection=close, Host=localhost:7000, Accept-Encoding=gzip, deflate, br, Content-Length=47, Content-Type=application/json}
    Cookies: {JSESSIONID=node01bkh67ffbcg2lu9wzmtl90oon2.node0}
    Body: {
  "id":0,
  "name":"Neptune",
  "ownerId":8
}
    QueryString: null
    QueryParams: {}
    FormParams: {}
Response: [201 Created], execution took 144.27 ms
    Headers: {Connection=close, Date=Wed, 21 Dec 2022 15:49:06 GMT, Content-Type=application/json}
    Body is 37 bytes (starts on next line):
    {"id":7,"name":"Neptune","ownerId":8}
----------------------------------------------------------------------------------
07:49:06.670 [JettyServerThreadPool-19] INFO  com.revature.repository.MoonDao - In createMoon method.
07:49:06.854 [JettyServerThreadPool-19] INFO  io.javalin.Javalin - JAVALIN REQUEST DEBUG LOG:
Request: POST [/api/moon]
    Matching endpoint-handlers: [BEFORE=/api/*, POST=api/moon]
    Headers: {Cookie=JSESSIONID=node01bkh67ffbcg2lu9wzmtl90oon2.node0, Accept=*/*, User-Agent=Thunder Client (https://www.thunderclient.com), Connection=close, Host=localhost:7000, Accept-Encoding=gzip, deflate, br, Content-Length=57, Content-Type=application/json}
    Cookies: {JSESSIONID=node01bkh67ffbcg2lu9wzmtl90oon2.node0}
    Body: {
  "id":0,
  "name":"Alpha Centauri",
  "myPlanetId":7
}
    QueryString: null
    QueryParams: {}
    FormParams: {}
Response: [201 Created], execution took 183.00 ms
    Headers: {Connection=close, Date=Wed, 21 Dec 2022 15:49:06 GMT, Content-Type=application/json}
    Body is 48 bytes (starts on next line):
    {"id":11,"name":"Alpha Centauri","myPlanetId":7}
----------------------------------------------------------------------------------
07:49:06.871 [JettyServerThreadPool-18] INFO  com.revature.repository.MoonDao - In createMoon method.
07:49:07.021 [JettyServerThreadPool-18] INFO  io.javalin.Javalin - JAVALIN REQUEST DEBUG LOG:
Request: POST [/api/moon]
    Matching endpoint-handlers: [BEFORE=/api/*, POST=api/moon]
    Headers: {Cookie=JSESSIONID=node01bkh67ffbcg2lu9wzmtl90oon2.node0, Accept=*/*, User-Agent=Thunder Client (https://www.thunderclient.com), Connection=close, Host=localhost:7000, Accept-Encoding=gzip, deflate, br, Content-Length=56, Content-Type=application/json}
    Cookies: {JSESSIONID=node01bkh67ffbcg2lu9wzmtl90oon2.node0}
    Body: {
  "id":0,
  "name":"Beta Centauri",
  "myPlanetId":7
}
    QueryString: null
    QueryParams: {}
    FormParams: {}
Response: [201 Created], execution took 150.24 ms
    Headers: {Connection=close, Date=Wed, 21 Dec 2022 15:49:06 GMT, Content-Type=application/json}
    Body is 47 bytes (starts on next line):
    {"id":12,"name":"Beta Centauri","myPlanetId":7}
----------------------------------------------------------------------------------
07:49:07.042 [JettyServerThreadPool-15] INFO  com.revature.repository.PlanetDao - In getAllPlanets method
07:49:07.184 [JettyServerThreadPool-15] INFO  io.javalin.Javalin - JAVALIN REQUEST DEBUG LOG:
Request: GET [/api/planets]
    Matching endpoint-handlers: [BEFORE=/api/*, GET=api/planets]
    Headers: {Cookie=JSESSIONID=node01bkh67ffbcg2lu9wzmtl90oon2.node0, Accept=*/*, User-Agent=Thunder Client (https://www.thunderclient.com), Connection=close, Host=localhost:7000, Accept-Encoding=gzip, deflate, br}
    Cookies: {JSESSIONID=node01bkh67ffbcg2lu9wzmtl90oon2.node0}
    Body: 
    QueryString: null
    QueryParams: {}
    FormParams: {}
Response: [200 OK], execution took 141.25 ms
    Headers: {Connection=close, Date=Wed, 21 Dec 2022 15:49:07 GMT, Content-Type=application/json}
    Body is 153 bytes (starts on next line):
    [{"id":5,"name":"Earth","ownerId":1},{"id":1,"name":"Jupiter","ownerId":1},{"id":4,"name":"Sargula 8","ownerId":6},{"id":7,"name":"Neptune","ownerId":8}]
----------------------------------------------------------------------------------
07:49:07.197 [JettyServerThreadPool-19] INFO  com.revature.repository.PlanetDao - In getPlanetByName method
07:49:07.336 [JettyServerThreadPool-19] INFO  io.javalin.Javalin - JAVALIN REQUEST DEBUG LOG:
Request: GET [/api/planet/Neptune]
    Matching endpoint-handlers: [BEFORE=/api/*, GET=api/planet/{name}]
    Headers: {Cookie=JSESSIONID=node01bkh67ffbcg2lu9wzmtl90oon2.node0, Accept=*/*, User-Agent=Thunder Client (https://www.thunderclient.com), Connection=close, Host=localhost:7000, Accept-Encoding=gzip, deflate, br}
    Cookies: {JSESSIONID=node01bkh67ffbcg2lu9wzmtl90oon2.node0}
    Body: 
    QueryString: null
    QueryParams: {}
    FormParams: {}
Response: [200 OK], execution took 138.31 ms
    Headers: {Connection=close, Date=Wed, 21 Dec 2022 15:49:07 GMT, Content-Type=application/json}
    Body is 37 bytes (starts on next line):
    {"id":7,"name":"Neptune","ownerId":8}
----------------------------------------------------------------------------------
07:49:07.354 [JettyServerThreadPool-18] INFO  com.revature.repository.PlanetDao - In getPlanetById method
07:49:07.497 [JettyServerThreadPool-18] INFO  io.javalin.Javalin - JAVALIN REQUEST DEBUG LOG:
Request: GET [/api/planet/id/7]
    Matching endpoint-handlers: [BEFORE=/api/*, GET=api/planet/id/{id}]
    Headers: {Cookie=JSESSIONID=node01bkh67ffbcg2lu9wzmtl90oon2.node0, Accept=*/*, User-Agent=Thunder Client (https://www.thunderclient.com), Connection=close, Host=localhost:7000, Accept-Encoding=gzip, deflate, br}
    Cookies: {JSESSIONID=node01bkh67ffbcg2lu9wzmtl90oon2.node0}
    Body: 
    QueryString: null
    QueryParams: {}
    FormParams: {}
Response: [200 OK], execution took 142.75 ms
    Headers: {Connection=close, Date=Wed, 21 Dec 2022 15:49:07 GMT, Content-Type=application/json}
    Body is 37 bytes (starts on next line):
    {"id":7,"name":"Neptune","ownerId":8}
----------------------------------------------------------------------------------
07:49:07.520 [JettyServerThreadPool-15] INFO  com.revature.repository.MoonDao - In getMoonsFromPlanet method.
07:49:07.658 [JettyServerThreadPool-15] INFO  io.javalin.Javalin - JAVALIN REQUEST DEBUG LOG:
Request: GET [/api/planet/7/moons]
    Matching endpoint-handlers: [BEFORE=/api/*, GET=api/planet/{id}/moons]
    Headers: {Cookie=JSESSIONID=node01bkh67ffbcg2lu9wzmtl90oon2.node0, Accept=*/*, User-Agent=Thunder Client (https://www.thunderclient.com), Connection=close, Host=localhost:7000, Accept-Encoding=gzip, deflate, br}
    Cookies: {JSESSIONID=node01bkh67ffbcg2lu9wzmtl90oon2.node0}
    Body: 
    QueryString: null
    QueryParams: {}
    FormParams: {}
Response: [200 OK], execution took 136.46 ms
    Headers: {Connection=close, Date=Wed, 21 Dec 2022 15:49:07 GMT, Content-Type=application/json}
    Body is 98 bytes (starts on next line):
    [{"id":11,"name":"Alpha Centauri","myPlanetId":7},{"id":12,"name":"Beta Centauri","myPlanetId":7}]
----------------------------------------------------------------------------------
07:49:07.676 [JettyServerThreadPool-19] INFO  com.revature.repository.MoonDao - In getAllMoons method
07:49:07.676 [JettyServerThreadPool-19] INFO  com.revature.repository.MoonDao - In getAllMoons method.
07:49:07.824 [JettyServerThreadPool-19] INFO  io.javalin.Javalin - JAVALIN REQUEST DEBUG LOG:
Request: GET [/api/moons]
    Matching endpoint-handlers: [BEFORE=/api/*, GET=api/moons]
    Headers: {Cookie=JSESSIONID=node01bkh67ffbcg2lu9wzmtl90oon2.node0, Accept=*/*, User-Agent=Thunder Client (https://www.thunderclient.com), Connection=close, Host=localhost:7000, Accept-Encoding=gzip, deflate, br}
    Cookies: {JSESSIONID=node01bkh67ffbcg2lu9wzmtl90oon2.node0}
    Body: 
    QueryString: null
    QueryParams: {}
    FormParams: {}
Response: [200 OK], execution took 148.82 ms
    Headers: {Connection=close, Date=Wed, 21 Dec 2022 15:49:07 GMT, Content-Type=application/json}
    Body is 279 bytes (starts on next line):
    [{"id":1,"name":"Exgraxxus 8","myPlanetId":1},{"id":3,"name":"Synco Paralax","myPlanetId":1},{"id":7,"name":"Noctis IX","myPlanetId":4},{"id":8,"name":"Burtrux VIII","myPlanetId":4},{"id":11,"name":"Alpha Centauri","myPlanetId":7},{"id":12,"name":"Beta Centauri","myPlanetId":7}]
----------------------------------------------------------------------------------
07:49:07.845 [JettyServerThreadPool-18] INFO  com.revature.repository.MoonDao - In getMoonByName method.
07:49:07.986 [JettyServerThreadPool-18] INFO  io.javalin.Javalin - JAVALIN REQUEST DEBUG LOG:
Request: GET [/api/moon/Alpha%20Centauri]
    Matching endpoint-handlers: [BEFORE=/api/*, GET=api/moon/{name}]
    Headers: {Cookie=JSESSIONID=node01bkh67ffbcg2lu9wzmtl90oon2.node0, Accept=*/*, User-Agent=Thunder Client (https://www.thunderclient.com), Connection=close, Host=localhost:7000, Accept-Encoding=gzip, deflate, br}
    Cookies: {JSESSIONID=node01bkh67ffbcg2lu9wzmtl90oon2.node0}
    Body: 
    QueryString: null
    QueryParams: {}
    FormParams: {}
Response: [200 OK], execution took 140.86 ms
    Headers: {Connection=close, Date=Wed, 21 Dec 2022 15:49:07 GMT, Content-Type=application/json}
    Body is 48 bytes (starts on next line):
    {"id":11,"name":"Alpha Centauri","myPlanetId":7}
----------------------------------------------------------------------------------
07:49:08.012 [JettyServerThreadPool-15] INFO  com.revature.repository.MoonDao - In getMoonById method.
07:49:08.160 [JettyServerThreadPool-15] INFO  io.javalin.Javalin - JAVALIN REQUEST DEBUG LOG:
Request: GET [/api/moon/id/11]
    Matching endpoint-handlers: [BEFORE=/api/*, GET=api/moon/id/{id}]
    Headers: {Cookie=JSESSIONID=node01bkh67ffbcg2lu9wzmtl90oon2.node0, Accept=*/*, User-Agent=Thunder Client (https://www.thunderclient.com), Connection=close, Host=localhost:7000, Accept-Encoding=gzip, deflate, br}
    Cookies: {JSESSIONID=node01bkh67ffbcg2lu9wzmtl90oon2.node0}
    Body: 
    QueryString: null
    QueryParams: {}
    FormParams: {}
Response: [200 OK], execution took 147.98 ms
    Headers: {Connection=close, Date=Wed, 21 Dec 2022 15:49:08 GMT, Content-Type=application/json}
    Body is 48 bytes (starts on next line):
    {"id":11,"name":"Alpha Centauri","myPlanetId":7}
----------------------------------------------------------------------------------
07:49:08.181 [JettyServerThreadPool-19] INFO  com.revature.repository.MoonDao - In deleteMoonById method.
07:49:08.341 [JettyServerThreadPool-19] INFO  io.javalin.Javalin - JAVALIN REQUEST DEBUG LOG:
Request: DELETE [/api/moon/11]
    Matching endpoint-handlers: [BEFORE=/api/*, DELETE=api/moon/{id}]
    Headers: {Cookie=JSESSIONID=node01bkh67ffbcg2lu9wzmtl90oon2.node0, Accept=*/*, User-Agent=Thunder Client (https://www.thunderclient.com), Connection=close, Host=localhost:7000, Accept-Encoding=gzip, deflate, br}
    Cookies: {JSESSIONID=node01bkh67ffbcg2lu9wzmtl90oon2.node0}
    Body: 
    QueryString: null
    QueryParams: {}
    FormParams: {}
Response: [202 Accepted], execution took 159.26 ms
    Headers: {Connection=close, Date=Wed, 21 Dec 2022 15:49:08 GMT, Content-Type=application/json}
    Body is 25 bytes (starts on next line):
    Moon successfully deleted
----------------------------------------------------------------------------------
07:49:08.354 [JettyServerThreadPool-18] INFO  com.revature.repository.MoonDao - In getAllMoons method
07:49:08.354 [JettyServerThreadPool-18] INFO  com.revature.repository.MoonDao - In getAllMoons method.
07:49:08.487 [JettyServerThreadPool-18] INFO  io.javalin.Javalin - JAVALIN REQUEST DEBUG LOG:
Request: GET [/api/moons]
    Matching endpoint-handlers: [BEFORE=/api/*, GET=api/moons]
    Headers: {Cookie=JSESSIONID=node01bkh67ffbcg2lu9wzmtl90oon2.node0, Accept=*/*, User-Agent=Thunder Client (https://www.thunderclient.com), Connection=close, Host=localhost:7000, Accept-Encoding=gzip, deflate, br}
    Cookies: {JSESSIONID=node01bkh67ffbcg2lu9wzmtl90oon2.node0}
    Body: 
    QueryString: null
    QueryParams: {}
    FormParams: {}
Response: [200 OK], execution took 132.64 ms
    Headers: {Connection=close, Date=Wed, 21 Dec 2022 15:49:08 GMT, Content-Type=application/json}
    Body is 230 bytes (starts on next line):
    [{"id":1,"name":"Exgraxxus 8","myPlanetId":1},{"id":3,"name":"Synco Paralax","myPlanetId":1},{"id":7,"name":"Noctis IX","myPlanetId":4},{"id":8,"name":"Burtrux VIII","myPlanetId":4},{"id":12,"name":"Beta Centauri","myPlanetId":7}]
----------------------------------------------------------------------------------
07:49:08.510 [JettyServerThreadPool-15] INFO  com.revature.repository.PlanetDao - In deleteP{lanetById method
07:49:08.645 [JettyServerThreadPool-15] INFO  io.javalin.Javalin - JAVALIN REQUEST DEBUG LOG:
Request: DELETE [/api/planet/7]
    Matching endpoint-handlers: [BEFORE=/api/*, DELETE=api/planet/{id}]
    Headers: {Cookie=JSESSIONID=node01bkh67ffbcg2lu9wzmtl90oon2.node0, Accept=*/*, User-Agent=Thunder Client (https://www.thunderclient.com), Connection=close, Host=localhost:7000, Accept-Encoding=gzip, deflate, br}
    Cookies: {JSESSIONID=node01bkh67ffbcg2lu9wzmtl90oon2.node0}
    Body: 
    QueryString: null
    QueryParams: {}
    FormParams: {}
Response: [202 Accepted], execution took 134.72 ms
    Headers: {Connection=close, Date=Wed, 21 Dec 2022 15:49:08 GMT, Content-Type=application/json}
    Body is 27 bytes (starts on next line):
    Planet successfully deleted
----------------------------------------------------------------------------------
07:49:08.664 [JettyServerThreadPool-19] INFO  com.revature.repository.MoonDao - In getAllMoons method
07:49:08.667 [JettyServerThreadPool-19] INFO  com.revature.repository.MoonDao - In getAllMoons method.
07:49:08.806 [JettyServerThreadPool-19] INFO  io.javalin.Javalin - JAVALIN REQUEST DEBUG LOG:
Request: GET [/api/moons]
    Matching endpoint-handlers: [BEFORE=/api/*, GET=api/moons]
    Headers: {Cookie=JSESSIONID=node01bkh67ffbcg2lu9wzmtl90oon2.node0, Accept=*/*, User-Agent=Thunder Client (https://www.thunderclient.com), Connection=close, Host=localhost:7000, Accept-Encoding=gzip, deflate, br}
    Cookies: {JSESSIONID=node01bkh67ffbcg2lu9wzmtl90oon2.node0}
    Body: 
    QueryString: null
    QueryParams: {}
    FormParams: {}
Response: [200 OK], execution took 142.63 ms
    Headers: {Connection=close, Date=Wed, 21 Dec 2022 15:49:08 GMT, Content-Type=application/json}
    Body is 182 bytes (starts on next line):
    [{"id":1,"name":"Exgraxxus 8","myPlanetId":1},{"id":3,"name":"Synco Paralax","myPlanetId":1},{"id":7,"name":"Noctis IX","myPlanetId":4},{"id":8,"name":"Burtrux VIII","myPlanetId":4}]
----------------------------------------------------------------------------------
07:49:08.817 [JettyServerThreadPool-18] INFO  io.javalin.Javalin - JAVALIN REQUEST DEBUG LOG:
Request: POST [/logout]
    Matching endpoint-handlers: [POST=/logout]
    Headers: {Cookie=JSESSIONID=node01bkh67ffbcg2lu9wzmtl90oon2.node0, Accept=*/*, User-Agent=Thunder Client (https://www.thunderclient.com), Connection=close, Host=localhost:7000, Accept-Encoding=gzip, deflate, br, Content-Length=0}
    Cookies: {JSESSIONID=node01bkh67ffbcg2lu9wzmtl90oon2.node0}
    Body: 
    QueryString: null
    QueryParams: {}
    FormParams: {}
Response: [200 OK], execution took 0.13 ms
    Headers: {Connection=close, Date=Wed, 21 Dec 2022 15:49:08 GMT, Content-Type=text/plain}
    No body was set
----------------------------------------------------------------------------------
